{"D:\\UI Portal\\automationreqportal\\backend\\dist\\Helper\\config.js": {"path":"D:\\UI Portal\\automationreqportal\\backend\\dist\\Helper\\config.js","statementMap":{"0":{"start":{"line":2,"column":18},"end":{"line":2,"column":23}},"1":{"start":{"line":3,"column":17},"end":{"line":14,"column":1}},"2":{"start":{"line":15,"column":13},"end":{"line":28,"column":1}},"3":{"start":{"line":29,"column":0},"end":{"line":31,"column":2}}},"fnMap":{},"branchMap":{},"s":{"0":1,"1":1,"2":1,"3":1},"f":{},"b":{},"inputSourceMap":null,"_coverageSchema":"1a1c01bbd47fc00a2c39e90264f33305004495a9","hash":"36cc545f683795d7b35abfe4843945ef52da4600"}
,"D:\\UI Portal\\automationreqportal\\backend\\dist\\Helper\\db-testcase-handler.js": {"path":"D:\\UI Portal\\automationreqportal\\backend\\dist\\Helper\\db-testcase-handler.js","statementMap":{"0":{"start":{"line":2,"column":16},"end":{"line":10,"column":1}},"1":{"start":{"line":3,"column":28},"end":{"line":3,"column":110}},"2":{"start":{"line":3,"column":91},"end":{"line":3,"column":106}},"3":{"start":{"line":4,"column":4},"end":{"line":9,"column":7}},"4":{"start":{"line":5,"column":36},"end":{"line":5,"column":97}},"5":{"start":{"line":5,"column":42},"end":{"line":5,"column":70}},"6":{"start":{"line":5,"column":85},"end":{"line":5,"column":95}},"7":{"start":{"line":6,"column":35},"end":{"line":6,"column":100}},"8":{"start":{"line":6,"column":41},"end":{"line":6,"column":73}},"9":{"start":{"line":6,"column":88},"end":{"line":6,"column":98}},"10":{"start":{"line":7,"column":32},"end":{"line":7,"column":116}},"11":{"start":{"line":8,"column":8},"end":{"line":8,"column":78}},"12":{"start":{"line":11,"column":18},"end":{"line":37,"column":1}},"13":{"start":{"line":12,"column":12},"end":{"line":12,"column":104}},"14":{"start":{"line":12,"column":43},"end":{"line":12,"column":68}},"15":{"start":{"line":12,"column":57},"end":{"line":12,"column":68}},"16":{"start":{"line":12,"column":69},"end":{"line":12,"column":81}},"17":{"start":{"line":13,"column":4},"end":{"line":13,"column":157}},"18":{"start":{"line":13,"column":138},"end":{"line":13,"column":150}},"19":{"start":{"line":14,"column":23},"end":{"line":14,"column":68}},"20":{"start":{"line":14,"column":45},"end":{"line":14,"column":65}},"21":{"start":{"line":16,"column":8},"end":{"line":16,"column":70}},"22":{"start":{"line":16,"column":15},"end":{"line":16,"column":70}},"23":{"start":{"line":17,"column":8},"end":{"line":34,"column":66}},"24":{"start":{"line":17,"column":18},"end":{"line":34,"column":66}},"25":{"start":{"line":18,"column":12},"end":{"line":18,"column":169}},"26":{"start":{"line":18,"column":160},"end":{"line":18,"column":169}},"27":{"start":{"line":19,"column":12},"end":{"line":19,"column":52}},"28":{"start":{"line":19,"column":26},"end":{"line":19,"column":52}},"29":{"start":{"line":20,"column":12},"end":{"line":32,"column":13}},"30":{"start":{"line":21,"column":32},"end":{"line":21,"column":39}},"31":{"start":{"line":21,"column":40},"end":{"line":21,"column":46}},"32":{"start":{"line":22,"column":24},"end":{"line":22,"column":34}},"33":{"start":{"line":22,"column":35},"end":{"line":22,"column":72}},"34":{"start":{"line":23,"column":24},"end":{"line":23,"column":34}},"35":{"start":{"line":23,"column":35},"end":{"line":23,"column":45}},"36":{"start":{"line":23,"column":46},"end":{"line":23,"column":55}},"37":{"start":{"line":23,"column":56},"end":{"line":23,"column":65}},"38":{"start":{"line":24,"column":24},"end":{"line":24,"column":41}},"39":{"start":{"line":24,"column":42},"end":{"line":24,"column":55}},"40":{"start":{"line":24,"column":56},"end":{"line":24,"column":65}},"41":{"start":{"line":26,"column":20},"end":{"line":26,"column":128}},"42":{"start":{"line":26,"column":110},"end":{"line":26,"column":116}},"43":{"start":{"line":26,"column":117},"end":{"line":26,"column":126}},"44":{"start":{"line":27,"column":20},"end":{"line":27,"column":106}},"45":{"start":{"line":27,"column":81},"end":{"line":27,"column":97}},"46":{"start":{"line":27,"column":98},"end":{"line":27,"column":104}},"47":{"start":{"line":28,"column":20},"end":{"line":28,"column":89}},"48":{"start":{"line":28,"column":57},"end":{"line":28,"column":72}},"49":{"start":{"line":28,"column":73},"end":{"line":28,"column":80}},"50":{"start":{"line":28,"column":81},"end":{"line":28,"column":87}},"51":{"start":{"line":29,"column":20},"end":{"line":29,"column":87}},"52":{"start":{"line":29,"column":47},"end":{"line":29,"column":62}},"53":{"start":{"line":29,"column":63},"end":{"line":29,"column":78}},"54":{"start":{"line":29,"column":79},"end":{"line":29,"column":85}},"55":{"start":{"line":30,"column":20},"end":{"line":30,"column":42}},"56":{"start":{"line":30,"column":30},"end":{"line":30,"column":42}},"57":{"start":{"line":31,"column":20},"end":{"line":31,"column":33}},"58":{"start":{"line":31,"column":34},"end":{"line":31,"column":43}},"59":{"start":{"line":33,"column":12},"end":{"line":33,"column":39}},"60":{"start":{"line":34,"column":22},"end":{"line":34,"column":34}},"61":{"start":{"line":34,"column":35},"end":{"line":34,"column":41}},"62":{"start":{"line":34,"column":54},"end":{"line":34,"column":64}},"63":{"start":{"line":35,"column":8},"end":{"line":35,"column":35}},"64":{"start":{"line":35,"column":23},"end":{"line":35,"column":35}},"65":{"start":{"line":35,"column":36},"end":{"line":35,"column":89}},"66":{"start":{"line":38,"column":15},"end":{"line":38,"column":34}},"67":{"start":{"line":39,"column":24},"end":{"line":39,"column":74}},"68":{"start":{"line":40,"column":13},"end":{"line":40,"column":36}},"69":{"start":{"line":44,"column":0},"end":{"line":63,"column":6}},"70":{"start":{"line":44,"column":39},"end":{"line":63,"column":3}},"71":{"start":{"line":46,"column":4},"end":{"line":62,"column":7}},"72":{"start":{"line":47,"column":8},"end":{"line":61,"column":9}},"73":{"start":{"line":48,"column":20},"end":{"line":48,"column":71}},"74":{"start":{"line":50,"column":16},"end":{"line":50,"column":32}},"75":{"start":{"line":51,"column":16},"end":{"line":56,"column":18}},"76":{"start":{"line":57,"column":16},"end":{"line":57,"column":74}},"77":{"start":{"line":59,"column":16},"end":{"line":59,"column":26}},"78":{"start":{"line":60,"column":16},"end":{"line":60,"column":38}},"79":{"start":{"line":67,"column":0},"end":{"line":82,"column":6}},"80":{"start":{"line":67,"column":45},"end":{"line":82,"column":3}},"81":{"start":{"line":68,"column":4},"end":{"line":81,"column":7}},"82":{"start":{"line":69,"column":8},"end":{"line":80,"column":9}},"83":{"start":{"line":70,"column":20},"end":{"line":70,"column":77}},"84":{"start":{"line":72,"column":16},"end":{"line":72,"column":26}},"85":{"start":{"line":73,"column":16},"end":{"line":73,"column":66}},"86":{"start":{"line":75,"column":16},"end":{"line":75,"column":26}},"87":{"start":{"line":76,"column":16},"end":{"line":76,"column":52}},"88":{"start":{"line":78,"column":16},"end":{"line":78,"column":26}},"89":{"start":{"line":79,"column":16},"end":{"line":79,"column":38}},"90":{"start":{"line":86,"column":0},"end":{"line":111,"column":6}},"91":{"start":{"line":86,"column":45},"end":{"line":111,"column":3}},"92":{"start":{"line":88,"column":4},"end":{"line":110,"column":7}},"93":{"start":{"line":89,"column":8},"end":{"line":109,"column":9}},"94":{"start":{"line":91,"column":16},"end":{"line":91,"column":62}},"95":{"start":{"line":92,"column":16},"end":{"line":92,"column":24}},"96":{"start":{"line":93,"column":16},"end":{"line":94,"column":32}},"97":{"start":{"line":94,"column":20},"end":{"line":94,"column":32}},"98":{"start":{"line":95,"column":16},"end":{"line":95,"column":23}},"99":{"start":{"line":96,"column":16},"end":{"line":96,"column":29}},"100":{"start":{"line":98,"column":16},"end":{"line":98,"column":63}},"101":{"start":{"line":98,"column":39},"end":{"line":98,"column":63}},"102":{"start":{"line":99,"column":16},"end":{"line":99,"column":29}},"103":{"start":{"line":100,"column":16},"end":{"line":100,"column":46}},"104":{"start":{"line":101,"column":16},"end":{"line":101,"column":62}},"105":{"start":{"line":103,"column":16},"end":{"line":103,"column":26}},"106":{"start":{"line":104,"column":16},"end":{"line":104,"column":29}},"107":{"start":{"line":106,"column":16},"end":{"line":106,"column":21}},"108":{"start":{"line":107,"column":16},"end":{"line":107,"column":40}},"109":{"start":{"line":108,"column":20},"end":{"line":108,"column":42}}},"fnMap":{"0":{"name":"(anonymous_0)","decl":{"start":{"line":2,"column":44},"end":{"line":2,"column":45}},"loc":{"start":{"line":2,"column":89},"end":{"line":10,"column":1}},"line":2},"1":{"name":"adopt","decl":{"start":{"line":3,"column":13},"end":{"line":3,"column":18}},"loc":{"start":{"line":3,"column":26},"end":{"line":3,"column":112}},"line":3},"2":{"name":"(anonymous_2)","decl":{"start":{"line":3,"column":70},"end":{"line":3,"column":71}},"loc":{"start":{"line":3,"column":89},"end":{"line":3,"column":108}},"line":3},"3":{"name":"(anonymous_3)","decl":{"start":{"line":4,"column":36},"end":{"line":4,"column":37}},"loc":{"start":{"line":4,"column":63},"end":{"line":9,"column":5}},"line":4},"4":{"name":"fulfilled","decl":{"start":{"line":5,"column":17},"end":{"line":5,"column":26}},"loc":{"start":{"line":5,"column":34},"end":{"line":5,"column":99}},"line":5},"5":{"name":"rejected","decl":{"start":{"line":6,"column":17},"end":{"line":6,"column":25}},"loc":{"start":{"line":6,"column":33},"end":{"line":6,"column":102}},"line":6},"6":{"name":"step","decl":{"start":{"line":7,"column":17},"end":{"line":7,"column":21}},"loc":{"start":{"line":7,"column":30},"end":{"line":7,"column":118}},"line":7},"7":{"name":"(anonymous_7)","decl":{"start":{"line":11,"column":48},"end":{"line":11,"column":49}},"loc":{"start":{"line":11,"column":73},"end":{"line":37,"column":1}},"line":11},"8":{"name":"(anonymous_8)","decl":{"start":{"line":12,"column":30},"end":{"line":12,"column":31}},"loc":{"start":{"line":12,"column":41},"end":{"line":12,"column":83}},"line":12},"9":{"name":"(anonymous_9)","decl":{"start":{"line":13,"column":125},"end":{"line":13,"column":126}},"loc":{"start":{"line":13,"column":136},"end":{"line":13,"column":152}},"line":13},"10":{"name":"verb","decl":{"start":{"line":14,"column":13},"end":{"line":14,"column":17}},"loc":{"start":{"line":14,"column":21},"end":{"line":14,"column":70}},"line":14},"11":{"name":"(anonymous_11)","decl":{"start":{"line":14,"column":30},"end":{"line":14,"column":31}},"loc":{"start":{"line":14,"column":43},"end":{"line":14,"column":67}},"line":14},"12":{"name":"step","decl":{"start":{"line":15,"column":13},"end":{"line":15,"column":17}},"loc":{"start":{"line":15,"column":22},"end":{"line":36,"column":5}},"line":15},"13":{"name":"(anonymous_13)","decl":{"start":{"line":44,"column":25},"end":{"line":44,"column":26}},"loc":{"start":{"line":44,"column":37},"end":{"line":63,"column":5}},"line":44},"14":{"name":"(anonymous_14)","decl":{"start":{"line":44,"column":80},"end":{"line":44,"column":81}},"loc":{"start":{"line":44,"column":92},"end":{"line":63,"column":1}},"line":44},"15":{"name":"(anonymous_15)","decl":{"start":{"line":46,"column":29},"end":{"line":46,"column":30}},"loc":{"start":{"line":46,"column":43},"end":{"line":62,"column":5}},"line":46},"16":{"name":"(anonymous_16)","decl":{"start":{"line":67,"column":31},"end":{"line":67,"column":32}},"loc":{"start":{"line":67,"column":43},"end":{"line":82,"column":5}},"line":67},"17":{"name":"(anonymous_17)","decl":{"start":{"line":67,"column":86},"end":{"line":67,"column":87}},"loc":{"start":{"line":67,"column":98},"end":{"line":82,"column":1}},"line":67},"18":{"name":"(anonymous_18)","decl":{"start":{"line":68,"column":29},"end":{"line":68,"column":30}},"loc":{"start":{"line":68,"column":43},"end":{"line":81,"column":5}},"line":68},"19":{"name":"(anonymous_19)","decl":{"start":{"line":86,"column":31},"end":{"line":86,"column":32}},"loc":{"start":{"line":86,"column":43},"end":{"line":111,"column":5}},"line":86},"20":{"name":"(anonymous_20)","decl":{"start":{"line":86,"column":86},"end":{"line":86,"column":87}},"loc":{"start":{"line":86,"column":98},"end":{"line":111,"column":1}},"line":86},"21":{"name":"(anonymous_21)","decl":{"start":{"line":88,"column":29},"end":{"line":88,"column":30}},"loc":{"start":{"line":88,"column":43},"end":{"line":110,"column":5}},"line":88}},"branchMap":{"0":{"loc":{"start":{"line":2,"column":16},"end":{"line":10,"column":1}},"type":"binary-expr","locations":[{"start":{"line":2,"column":17},"end":{"line":2,"column":21}},{"start":{"line":2,"column":25},"end":{"line":2,"column":39}},{"start":{"line":2,"column":44},"end":{"line":10,"column":1}}],"line":2},"1":{"loc":{"start":{"line":3,"column":35},"end":{"line":3,"column":109}},"type":"cond-expr","locations":[{"start":{"line":3,"column":56},"end":{"line":3,"column":61}},{"start":{"line":3,"column":64},"end":{"line":3,"column":109}}],"line":3},"2":{"loc":{"start":{"line":4,"column":16},"end":{"line":4,"column":34}},"type":"binary-expr","locations":[{"start":{"line":4,"column":16},"end":{"line":4,"column":17}},{"start":{"line":4,"column":22},"end":{"line":4,"column":33}}],"line":4},"3":{"loc":{"start":{"line":7,"column":32},"end":{"line":7,"column":115}},"type":"cond-expr","locations":[{"start":{"line":7,"column":46},"end":{"line":7,"column":67}},{"start":{"line":7,"column":70},"end":{"line":7,"column":115}}],"line":7},"4":{"loc":{"start":{"line":8,"column":51},"end":{"line":8,"column":67}},"type":"binary-expr","locations":[{"start":{"line":8,"column":51},"end":{"line":8,"column":61}},{"start":{"line":8,"column":65},"end":{"line":8,"column":67}}],"line":8},"5":{"loc":{"start":{"line":11,"column":18},"end":{"line":37,"column":1}},"type":"binary-expr","locations":[{"start":{"line":11,"column":19},"end":{"line":11,"column":23}},{"start":{"line":11,"column":27},"end":{"line":11,"column":43}},{"start":{"line":11,"column":48},"end":{"line":37,"column":1}}],"line":11},"6":{"loc":{"start":{"line":12,"column":43},"end":{"line":12,"column":68}},"type":"if","locations":[{"start":{"line":12,"column":43},"end":{"line":12,"column":68}},{"start":{"line":12,"column":43},"end":{"line":12,"column":68}}],"line":12},"7":{"loc":{"start":{"line":13,"column":71},"end":{"line":13,"column":153}},"type":"binary-expr","locations":[{"start":{"line":13,"column":71},"end":{"line":13,"column":99}},{"start":{"line":13,"column":104},"end":{"line":13,"column":152}}],"line":13},"8":{"loc":{"start":{"line":16,"column":8},"end":{"line":16,"column":70}},"type":"if","locations":[{"start":{"line":16,"column":8},"end":{"line":16,"column":70}},{"start":{"line":16,"column":8},"end":{"line":16,"column":70}}],"line":16},"9":{"loc":{"start":{"line":18,"column":12},"end":{"line":18,"column":169}},"type":"if","locations":[{"start":{"line":18,"column":12},"end":{"line":18,"column":169}},{"start":{"line":18,"column":12},"end":{"line":18,"column":169}}],"line":18},"10":{"loc":{"start":{"line":18,"column":23},"end":{"line":18,"column":158}},"type":"binary-expr","locations":[{"start":{"line":18,"column":23},"end":{"line":18,"column":24}},{"start":{"line":18,"column":29},"end":{"line":18,"column":125}},{"start":{"line":18,"column":130},"end":{"line":18,"column":158}}],"line":18},"11":{"loc":{"start":{"line":18,"column":33},"end":{"line":18,"column":125}},"type":"cond-expr","locations":[{"start":{"line":18,"column":45},"end":{"line":18,"column":56}},{"start":{"line":18,"column":59},"end":{"line":18,"column":125}}],"line":18},"12":{"loc":{"start":{"line":18,"column":59},"end":{"line":18,"column":125}},"type":"cond-expr","locations":[{"start":{"line":18,"column":67},"end":{"line":18,"column":116}},{"start":{"line":18,"column":119},"end":{"line":18,"column":125}}],"line":18},"13":{"loc":{"start":{"line":18,"column":67},"end":{"line":18,"column":116}},"type":"binary-expr","locations":[{"start":{"line":18,"column":67},"end":{"line":18,"column":77}},{"start":{"line":18,"column":82},"end":{"line":18,"column":115}}],"line":18},"14":{"loc":{"start":{"line":18,"column":82},"end":{"line":18,"column":112}},"type":"binary-expr","locations":[{"start":{"line":18,"column":83},"end":{"line":18,"column":98}},{"start":{"line":18,"column":103},"end":{"line":18,"column":112}}],"line":18},"15":{"loc":{"start":{"line":19,"column":12},"end":{"line":19,"column":52}},"type":"if","locations":[{"start":{"line":19,"column":12},"end":{"line":19,"column":52}},{"start":{"line":19,"column":12},"end":{"line":19,"column":52}}],"line":19},"16":{"loc":{"start":{"line":20,"column":12},"end":{"line":32,"column":13}},"type":"switch","locations":[{"start":{"line":21,"column":16},"end":{"line":21,"column":23}},{"start":{"line":21,"column":24},"end":{"line":21,"column":46}},{"start":{"line":22,"column":16},"end":{"line":22,"column":72}},{"start":{"line":23,"column":16},"end":{"line":23,"column":65}},{"start":{"line":24,"column":16},"end":{"line":24,"column":65}},{"start":{"line":25,"column":16},"end":{"line":31,"column":43}}],"line":20},"17":{"loc":{"start":{"line":26,"column":20},"end":{"line":26,"column":128}},"type":"if","locations":[{"start":{"line":26,"column":20},"end":{"line":26,"column":128}},{"start":{"line":26,"column":20},"end":{"line":26,"column":128}}],"line":26},"18":{"loc":{"start":{"line":26,"column":24},"end":{"line":26,"column":106}},"type":"binary-expr","locations":[{"start":{"line":26,"column":24},"end":{"line":26,"column":74}},{"start":{"line":26,"column":79},"end":{"line":26,"column":90}},{"start":{"line":26,"column":94},"end":{"line":26,"column":105}}],"line":26},"19":{"loc":{"start":{"line":26,"column":42},"end":{"line":26,"column":73}},"type":"binary-expr","locations":[{"start":{"line":26,"column":42},"end":{"line":26,"column":54}},{"start":{"line":26,"column":58},"end":{"line":26,"column":73}}],"line":26},"20":{"loc":{"start":{"line":27,"column":20},"end":{"line":27,"column":106}},"type":"if","locations":[{"start":{"line":27,"column":20},"end":{"line":27,"column":106}},{"start":{"line":27,"column":20},"end":{"line":27,"column":106}}],"line":27},"21":{"loc":{"start":{"line":27,"column":24},"end":{"line":27,"column":77}},"type":"binary-expr","locations":[{"start":{"line":27,"column":24},"end":{"line":27,"column":35}},{"start":{"line":27,"column":40},"end":{"line":27,"column":42}},{"start":{"line":27,"column":47},"end":{"line":27,"column":59}},{"start":{"line":27,"column":63},"end":{"line":27,"column":75}}],"line":27},"22":{"loc":{"start":{"line":28,"column":20},"end":{"line":28,"column":89}},"type":"if","locations":[{"start":{"line":28,"column":20},"end":{"line":28,"column":89}},{"start":{"line":28,"column":20},"end":{"line":28,"column":89}}],"line":28},"23":{"loc":{"start":{"line":28,"column":24},"end":{"line":28,"column":53}},"type":"binary-expr","locations":[{"start":{"line":28,"column":24},"end":{"line":28,"column":35}},{"start":{"line":28,"column":39},"end":{"line":28,"column":53}}],"line":28},"24":{"loc":{"start":{"line":29,"column":20},"end":{"line":29,"column":87}},"type":"if","locations":[{"start":{"line":29,"column":20},"end":{"line":29,"column":87}},{"start":{"line":29,"column":20},"end":{"line":29,"column":87}}],"line":29},"25":{"loc":{"start":{"line":29,"column":24},"end":{"line":29,"column":43}},"type":"binary-expr","locations":[{"start":{"line":29,"column":24},"end":{"line":29,"column":25}},{"start":{"line":29,"column":29},"end":{"line":29,"column":43}}],"line":29},"26":{"loc":{"start":{"line":30,"column":20},"end":{"line":30,"column":42}},"type":"if","locations":[{"start":{"line":30,"column":20},"end":{"line":30,"column":42}},{"start":{"line":30,"column":20},"end":{"line":30,"column":42}}],"line":30},"27":{"loc":{"start":{"line":35,"column":8},"end":{"line":35,"column":35}},"type":"if","locations":[{"start":{"line":35,"column":8},"end":{"line":35,"column":35}},{"start":{"line":35,"column":8},"end":{"line":35,"column":35}}],"line":35},"28":{"loc":{"start":{"line":35,"column":52},"end":{"line":35,"column":74}},"type":"cond-expr","locations":[{"start":{"line":35,"column":60},"end":{"line":35,"column":65}},{"start":{"line":35,"column":68},"end":{"line":35,"column":74}}],"line":35},"29":{"loc":{"start":{"line":47,"column":8},"end":{"line":61,"column":9}},"type":"switch","locations":[{"start":{"line":48,"column":12},"end":{"line":48,"column":71}},{"start":{"line":49,"column":12},"end":{"line":57,"column":74}},{"start":{"line":58,"column":12},"end":{"line":60,"column":38}}],"line":47},"30":{"loc":{"start":{"line":69,"column":8},"end":{"line":80,"column":9}},"type":"switch","locations":[{"start":{"line":70,"column":12},"end":{"line":70,"column":77}},{"start":{"line":71,"column":12},"end":{"line":73,"column":66}},{"start":{"line":74,"column":12},"end":{"line":76,"column":52}},{"start":{"line":77,"column":12},"end":{"line":79,"column":38}}],"line":69},"31":{"loc":{"start":{"line":89,"column":8},"end":{"line":109,"column":9}},"type":"switch","locations":[{"start":{"line":90,"column":12},"end":{"line":96,"column":29}},{"start":{"line":97,"column":12},"end":{"line":101,"column":62}},{"start":{"line":102,"column":12},"end":{"line":104,"column":29}},{"start":{"line":105,"column":12},"end":{"line":107,"column":40}},{"start":{"line":108,"column":12},"end":{"line":108,"column":42}}],"line":89},"32":{"loc":{"start":{"line":98,"column":16},"end":{"line":98,"column":63}},"type":"if","locations":[{"start":{"line":98,"column":16},"end":{"line":98,"column":63}},{"start":{"line":98,"column":16},"end":{"line":98,"column":63}}],"line":98}},"s":{"0":1,"1":12,"2":0,"3":9,"4":12,"5":12,"6":0,"7":0,"8":0,"9":0,"10":21,"11":9,"12":1,"13":9,"14":12,"15":0,"16":12,"17":9,"18":0,"19":27,"20":21,"21":21,"22":0,"23":21,"24":56,"25":56,"26":0,"27":56,"28":0,"29":56,"30":21,"31":21,"32":12,"33":12,"34":0,"35":0,"36":0,"37":0,"38":0,"39":0,"40":0,"41":23,"42":9,"43":9,"44":14,"45":14,"46":14,"47":0,"48":0,"49":0,"50":0,"51":0,"52":0,"53":0,"54":0,"55":0,"56":0,"57":0,"58":0,"59":35,"60":0,"61":0,"62":56,"63":9,"64":0,"65":9,"66":1,"67":1,"68":1,"69":1,"70":1,"71":1,"72":3,"73":1,"74":1,"75":1,"76":1,"77":1,"78":1,"79":1,"80":1,"81":1,"82":4,"83":1,"84":1,"85":1,"86":1,"87":1,"88":1,"89":1,"90":1,"91":7,"92":7,"93":28,"94":7,"95":7,"96":7,"97":7,"98":7,"99":7,"100":14,"101":7,"102":7,"103":7,"104":7,"105":7,"106":7,"107":7,"108":7,"109":7},"f":{"0":9,"1":12,"2":0,"3":9,"4":12,"5":0,"6":21,"7":9,"8":12,"9":0,"10":27,"11":21,"12":21,"13":1,"14":1,"15":3,"16":1,"17":1,"18":4,"19":7,"20":7,"21":28},"b":{"0":[1,1,1],"1":[12,0],"2":[9,9],"3":[9,12],"4":[9,9],"5":[1,1,1],"6":[0,12],"7":[9,9],"8":[0,21],"9":[0,56],"10":[56,0,0],"11":[0,0],"12":[0,0],"13":[0,0],"14":[0,0],"15":[0,56],"16":[21,21,12,0,0,23],"17":[9,14],"18":[23,23,23],"19":[23,0],"20":[14,0],"21":[14,14,0,0],"22":[0,0],"23":[0,0],"24":[0,0],"25":[0,0],"26":[0,0],"27":[0,9],"28":[9,0],"29":[1,1,1],"30":[1,1,1,1],"31":[7,14,7,7,7],"32":[7,7]},"inputSourceMap":null,"_coverageSchema":"1a1c01bbd47fc00a2c39e90264f33305004495a9","hash":"28a20cd974c08630f736877191d9b1558c939b4e"}
,"D:\\UI Portal\\automationreqportal\\backend\\dist\\dataModel\\responseModel.js": {"path":"D:\\UI Portal\\automationreqportal\\backend\\dist\\dataModel\\responseModel.js","statementMap":{"0":{"start":{"line":2,"column":0},"end":{"line":2,"column":62}},"1":{"start":{"line":3,"column":0},"end":{"line":3,"column":33}},"2":{"start":{"line":4,"column":37},"end":{"line":17,"column":3}},"3":{"start":{"line":6,"column":8},"end":{"line":6,"column":31}},"4":{"start":{"line":7,"column":8},"end":{"line":7,"column":25}},"5":{"start":{"line":8,"column":8},"end":{"line":8,"column":27}},"6":{"start":{"line":10,"column":4},"end":{"line":12,"column":6}},"7":{"start":{"line":11,"column":8},"end":{"line":11,"column":53}},"8":{"start":{"line":13,"column":4},"end":{"line":15,"column":6}},"9":{"start":{"line":14,"column":8},"end":{"line":14,"column":55}},"10":{"start":{"line":16,"column":4},"end":{"line":16,"column":27}},"11":{"start":{"line":18,"column":0},"end":{"line":18,"column":42}}},"fnMap":{"0":{"name":"(anonymous_0)","decl":{"start":{"line":4,"column":37},"end":{"line":4,"column":38}},"loc":{"start":{"line":4,"column":49},"end":{"line":17,"column":1}},"line":4},"1":{"name":"ResponseService","decl":{"start":{"line":5,"column":13},"end":{"line":5,"column":28}},"loc":{"start":{"line":5,"column":51},"end":{"line":9,"column":5}},"line":5},"2":{"name":"(anonymous_2)","decl":{"start":{"line":10,"column":39},"end":{"line":10,"column":40}},"loc":{"start":{"line":10,"column":55},"end":{"line":12,"column":5}},"line":10},"3":{"name":"(anonymous_3)","decl":{"start":{"line":13,"column":41},"end":{"line":13,"column":42}},"loc":{"start":{"line":13,"column":58},"end":{"line":15,"column":5}},"line":13}},"branchMap":{},"s":{"0":1,"1":1,"2":1,"3":6,"4":6,"5":6,"6":1,"7":1,"8":1,"9":5,"10":1,"11":1},"f":{"0":1,"1":6,"2":1,"3":5},"b":{},"inputSourceMap":null,"_coverageSchema":"1a1c01bbd47fc00a2c39e90264f33305004495a9","hash":"cdd246f4d93f6030efe4d7a523507ab70a829e6f"}
,"D:\\UI Portal\\automationreqportal\\backend\\dist\\dbModels\\usermodel.js": {"path":"D:\\UI Portal\\automationreqportal\\backend\\dist\\dbModels\\usermodel.js","statementMap":{"0":{"start":{"line":2,"column":22},"end":{"line":8,"column":3}},"1":{"start":{"line":3,"column":4},"end":{"line":3,"column":33}},"2":{"start":{"line":3,"column":26},"end":{"line":3,"column":33}},"3":{"start":{"line":4,"column":4},"end":{"line":4,"column":89}},"4":{"start":{"line":4,"column":71},"end":{"line":4,"column":83}},"5":{"start":{"line":6,"column":4},"end":{"line":6,"column":33}},"6":{"start":{"line":6,"column":26},"end":{"line":6,"column":33}},"7":{"start":{"line":7,"column":4},"end":{"line":7,"column":17}},"8":{"start":{"line":9,"column":25},"end":{"line":13,"column":2}},"9":{"start":{"line":10,"column":4},"end":{"line":10,"column":72}},"10":{"start":{"line":12,"column":4},"end":{"line":12,"column":21}},"11":{"start":{"line":14,"column":19},"end":{"line":20,"column":1}},"12":{"start":{"line":15,"column":4},"end":{"line":15,"column":42}},"13":{"start":{"line":15,"column":31},"end":{"line":15,"column":42}},"14":{"start":{"line":16,"column":17},"end":{"line":16,"column":19}},"15":{"start":{"line":17,"column":4},"end":{"line":17,"column":131}},"16":{"start":{"line":17,"column":21},"end":{"line":17,"column":131}},"17":{"start":{"line":17,"column":40},"end":{"line":17,"column":131}},"18":{"start":{"line":17,"column":99},"end":{"line":17,"column":131}},"19":{"start":{"line":18,"column":4},"end":{"line":18,"column":36}},"20":{"start":{"line":19,"column":4},"end":{"line":19,"column":18}},"21":{"start":{"line":21,"column":0},"end":{"line":21,"column":62}},"22":{"start":{"line":22,"column":0},"end":{"line":22,"column":26}},"23":{"start":{"line":23,"column":15},"end":{"line":23,"column":48}},"24":{"start":{"line":25,"column":13},"end":{"line":25,"column":28}},"25":{"start":{"line":26,"column":16},"end":{"line":46,"column":21}},"26":{"start":{"line":47,"column":0},"end":{"line":47,"column":73}}},"fnMap":{"0":{"name":"(anonymous_0)","decl":{"start":{"line":2,"column":74},"end":{"line":2,"column":75}},"loc":{"start":{"line":2,"column":96},"end":{"line":5,"column":1}},"line":2},"1":{"name":"(anonymous_1)","decl":{"start":{"line":4,"column":58},"end":{"line":4,"column":59}},"loc":{"start":{"line":4,"column":69},"end":{"line":4,"column":85}},"line":4},"2":{"name":"(anonymous_2)","decl":{"start":{"line":5,"column":6},"end":{"line":5,"column":7}},"loc":{"start":{"line":5,"column":28},"end":{"line":8,"column":1}},"line":5},"3":{"name":"(anonymous_3)","decl":{"start":{"line":9,"column":80},"end":{"line":9,"column":81}},"loc":{"start":{"line":9,"column":95},"end":{"line":11,"column":1}},"line":9},"4":{"name":"(anonymous_4)","decl":{"start":{"line":11,"column":5},"end":{"line":11,"column":6}},"loc":{"start":{"line":11,"column":20},"end":{"line":13,"column":1}},"line":11},"5":{"name":"(anonymous_5)","decl":{"start":{"line":14,"column":50},"end":{"line":14,"column":51}},"loc":{"start":{"line":14,"column":65},"end":{"line":20,"column":1}},"line":14}},"branchMap":{"0":{"loc":{"start":{"line":2,"column":22},"end":{"line":8,"column":3}},"type":"binary-expr","locations":[{"start":{"line":2,"column":23},"end":{"line":2,"column":27}},{"start":{"line":2,"column":31},"end":{"line":2,"column":51}},{"start":{"line":2,"column":57},"end":{"line":8,"column":2}}],"line":2},"1":{"loc":{"start":{"line":2,"column":57},"end":{"line":8,"column":2}},"type":"cond-expr","locations":[{"start":{"line":2,"column":74},"end":{"line":5,"column":1}},{"start":{"line":5,"column":6},"end":{"line":8,"column":1}}],"line":2},"2":{"loc":{"start":{"line":3,"column":4},"end":{"line":3,"column":33}},"type":"if","locations":[{"start":{"line":3,"column":4},"end":{"line":3,"column":33}},{"start":{"line":3,"column":4},"end":{"line":3,"column":33}}],"line":3},"3":{"loc":{"start":{"line":6,"column":4},"end":{"line":6,"column":33}},"type":"if","locations":[{"start":{"line":6,"column":4},"end":{"line":6,"column":33}},{"start":{"line":6,"column":4},"end":{"line":6,"column":33}}],"line":6},"4":{"loc":{"start":{"line":9,"column":25},"end":{"line":13,"column":2}},"type":"binary-expr","locations":[{"start":{"line":9,"column":26},"end":{"line":9,"column":30}},{"start":{"line":9,"column":34},"end":{"line":9,"column":57}},{"start":{"line":9,"column":63},"end":{"line":13,"column":1}}],"line":9},"5":{"loc":{"start":{"line":9,"column":63},"end":{"line":13,"column":1}},"type":"cond-expr","locations":[{"start":{"line":9,"column":80},"end":{"line":11,"column":1}},{"start":{"line":11,"column":5},"end":{"line":13,"column":1}}],"line":9},"6":{"loc":{"start":{"line":14,"column":19},"end":{"line":20,"column":1}},"type":"binary-expr","locations":[{"start":{"line":14,"column":20},"end":{"line":14,"column":24}},{"start":{"line":14,"column":28},"end":{"line":14,"column":45}},{"start":{"line":14,"column":50},"end":{"line":20,"column":1}}],"line":14},"7":{"loc":{"start":{"line":15,"column":4},"end":{"line":15,"column":42}},"type":"if","locations":[{"start":{"line":15,"column":4},"end":{"line":15,"column":42}},{"start":{"line":15,"column":4},"end":{"line":15,"column":42}}],"line":15},"8":{"loc":{"start":{"line":15,"column":8},"end":{"line":15,"column":29}},"type":"binary-expr","locations":[{"start":{"line":15,"column":8},"end":{"line":15,"column":11}},{"start":{"line":15,"column":15},"end":{"line":15,"column":29}}],"line":15},"9":{"loc":{"start":{"line":17,"column":4},"end":{"line":17,"column":131}},"type":"if","locations":[{"start":{"line":17,"column":4},"end":{"line":17,"column":131}},{"start":{"line":17,"column":4},"end":{"line":17,"column":131}}],"line":17},"10":{"loc":{"start":{"line":17,"column":40},"end":{"line":17,"column":131}},"type":"if","locations":[{"start":{"line":17,"column":40},"end":{"line":17,"column":131}},{"start":{"line":17,"column":40},"end":{"line":17,"column":131}}],"line":17},"11":{"loc":{"start":{"line":17,"column":44},"end":{"line":17,"column":97}},"type":"binary-expr","locations":[{"start":{"line":17,"column":44},"end":{"line":17,"column":59}},{"start":{"line":17,"column":63},"end":{"line":17,"column":97}}],"line":17}},"s":{"0":1,"1":8,"2":8,"3":8,"4":3,"5":0,"6":0,"7":0,"8":1,"9":1,"10":0,"11":1,"12":1,"13":0,"14":1,"15":1,"16":1,"17":49,"18":8,"19":1,"20":1,"21":1,"22":1,"23":1,"24":1,"25":1,"26":1},"f":{"0":8,"1":3,"2":0,"3":1,"4":0,"5":1},"b":{"0":[1,1,1],"1":[1,0],"2":[8,0],"3":[0,0],"4":[1,1,1],"5":[1,0],"6":[1,1,1],"7":[0,1],"8":[1,1],"9":[1,0],"10":[8,41],"11":[49,49]},"inputSourceMap":null,"_coverageSchema":"1a1c01bbd47fc00a2c39e90264f33305004495a9","hash":"277eaf32240246c072f68bceff656c5838de3afc"}
,"D:\\UI Portal\\automationreqportal\\backend\\dist\\services\\userServices.js": {"path":"D:\\UI Portal\\automationreqportal\\backend\\dist\\services\\userServices.js","statementMap":{"0":{"start":{"line":2,"column":16},"end":{"line":10,"column":1}},"1":{"start":{"line":3,"column":28},"end":{"line":3,"column":110}},"2":{"start":{"line":3,"column":91},"end":{"line":3,"column":106}},"3":{"start":{"line":4,"column":4},"end":{"line":9,"column":7}},"4":{"start":{"line":5,"column":36},"end":{"line":5,"column":97}},"5":{"start":{"line":5,"column":42},"end":{"line":5,"column":70}},"6":{"start":{"line":5,"column":85},"end":{"line":5,"column":95}},"7":{"start":{"line":6,"column":35},"end":{"line":6,"column":100}},"8":{"start":{"line":6,"column":41},"end":{"line":6,"column":73}},"9":{"start":{"line":6,"column":88},"end":{"line":6,"column":98}},"10":{"start":{"line":7,"column":32},"end":{"line":7,"column":116}},"11":{"start":{"line":8,"column":8},"end":{"line":8,"column":78}},"12":{"start":{"line":11,"column":18},"end":{"line":37,"column":1}},"13":{"start":{"line":12,"column":12},"end":{"line":12,"column":104}},"14":{"start":{"line":12,"column":43},"end":{"line":12,"column":68}},"15":{"start":{"line":12,"column":57},"end":{"line":12,"column":68}},"16":{"start":{"line":12,"column":69},"end":{"line":12,"column":81}},"17":{"start":{"line":13,"column":4},"end":{"line":13,"column":157}},"18":{"start":{"line":13,"column":138},"end":{"line":13,"column":150}},"19":{"start":{"line":14,"column":23},"end":{"line":14,"column":68}},"20":{"start":{"line":14,"column":45},"end":{"line":14,"column":65}},"21":{"start":{"line":16,"column":8},"end":{"line":16,"column":70}},"22":{"start":{"line":16,"column":15},"end":{"line":16,"column":70}},"23":{"start":{"line":17,"column":8},"end":{"line":34,"column":66}},"24":{"start":{"line":17,"column":18},"end":{"line":34,"column":66}},"25":{"start":{"line":18,"column":12},"end":{"line":18,"column":169}},"26":{"start":{"line":18,"column":160},"end":{"line":18,"column":169}},"27":{"start":{"line":19,"column":12},"end":{"line":19,"column":52}},"28":{"start":{"line":19,"column":26},"end":{"line":19,"column":52}},"29":{"start":{"line":20,"column":12},"end":{"line":32,"column":13}},"30":{"start":{"line":21,"column":32},"end":{"line":21,"column":39}},"31":{"start":{"line":21,"column":40},"end":{"line":21,"column":46}},"32":{"start":{"line":22,"column":24},"end":{"line":22,"column":34}},"33":{"start":{"line":22,"column":35},"end":{"line":22,"column":72}},"34":{"start":{"line":23,"column":24},"end":{"line":23,"column":34}},"35":{"start":{"line":23,"column":35},"end":{"line":23,"column":45}},"36":{"start":{"line":23,"column":46},"end":{"line":23,"column":55}},"37":{"start":{"line":23,"column":56},"end":{"line":23,"column":65}},"38":{"start":{"line":24,"column":24},"end":{"line":24,"column":41}},"39":{"start":{"line":24,"column":42},"end":{"line":24,"column":55}},"40":{"start":{"line":24,"column":56},"end":{"line":24,"column":65}},"41":{"start":{"line":26,"column":20},"end":{"line":26,"column":128}},"42":{"start":{"line":26,"column":110},"end":{"line":26,"column":116}},"43":{"start":{"line":26,"column":117},"end":{"line":26,"column":126}},"44":{"start":{"line":27,"column":20},"end":{"line":27,"column":106}},"45":{"start":{"line":27,"column":81},"end":{"line":27,"column":97}},"46":{"start":{"line":27,"column":98},"end":{"line":27,"column":104}},"47":{"start":{"line":28,"column":20},"end":{"line":28,"column":89}},"48":{"start":{"line":28,"column":57},"end":{"line":28,"column":72}},"49":{"start":{"line":28,"column":73},"end":{"line":28,"column":80}},"50":{"start":{"line":28,"column":81},"end":{"line":28,"column":87}},"51":{"start":{"line":29,"column":20},"end":{"line":29,"column":87}},"52":{"start":{"line":29,"column":47},"end":{"line":29,"column":62}},"53":{"start":{"line":29,"column":63},"end":{"line":29,"column":78}},"54":{"start":{"line":29,"column":79},"end":{"line":29,"column":85}},"55":{"start":{"line":30,"column":20},"end":{"line":30,"column":42}},"56":{"start":{"line":30,"column":30},"end":{"line":30,"column":42}},"57":{"start":{"line":31,"column":20},"end":{"line":31,"column":33}},"58":{"start":{"line":31,"column":34},"end":{"line":31,"column":43}},"59":{"start":{"line":33,"column":12},"end":{"line":33,"column":39}},"60":{"start":{"line":34,"column":22},"end":{"line":34,"column":34}},"61":{"start":{"line":34,"column":35},"end":{"line":34,"column":41}},"62":{"start":{"line":34,"column":54},"end":{"line":34,"column":64}},"63":{"start":{"line":35,"column":8},"end":{"line":35,"column":35}},"64":{"start":{"line":35,"column":23},"end":{"line":35,"column":35}},"65":{"start":{"line":35,"column":36},"end":{"line":35,"column":89}},"66":{"start":{"line":38,"column":0},"end":{"line":38,"column":62}},"67":{"start":{"line":39,"column":0},"end":{"line":39,"column":30}},"68":{"start":{"line":40,"column":18},"end":{"line":40,"column":52}},"69":{"start":{"line":41,"column":22},"end":{"line":41,"column":61}},"70":{"start":{"line":42,"column":9},"end":{"line":42,"column":22}},"71":{"start":{"line":43,"column":11},"end":{"line":43,"column":26}},"72":{"start":{"line":44,"column":13},"end":{"line":44,"column":49}},"73":{"start":{"line":45,"column":34},"end":{"line":306,"column":3}},"74":{"start":{"line":48,"column":4},"end":{"line":82,"column":6}},"75":{"start":{"line":49,"column":8},"end":{"line":81,"column":11}},"76":{"start":{"line":51,"column":12},"end":{"line":80,"column":15}},"77":{"start":{"line":52,"column":16},"end":{"line":78,"column":17}},"78":{"start":{"line":53,"column":20},"end":{"line":53,"column":80}},"79":{"start":{"line":56,"column":20},"end":{"line":77,"column":21}},"80":{"start":{"line":57,"column":24},"end":{"line":57,"column":69}},"81":{"start":{"line":58,"column":24},"end":{"line":61,"column":26}},"82":{"start":{"line":62,"column":24},"end":{"line":62,"column":60}},"83":{"start":{"line":63,"column":24},"end":{"line":73,"column":27}},"84":{"start":{"line":64,"column":28},"end":{"line":71,"column":29}},"85":{"start":{"line":65,"column":32},"end":{"line":65,"column":62}},"86":{"start":{"line":66,"column":32},"end":{"line":66,"column":98}},"87":{"start":{"line":69,"column":32},"end":{"line":69,"column":70}},"88":{"start":{"line":70,"column":32},"end":{"line":70,"column":109}},"89":{"start":{"line":72,"column":28},"end":{"line":72,"column":35}},"90":{"start":{"line":76,"column":24},"end":{"line":76,"column":96}},"91":{"start":{"line":79,"column":16},"end":{"line":79,"column":38}},"92":{"start":{"line":83,"column":4},"end":{"line":88,"column":6}},"93":{"start":{"line":84,"column":8},"end":{"line":86,"column":9}},"94":{"start":{"line":85,"column":12},"end":{"line":85,"column":44}},"95":{"start":{"line":87,"column":8},"end":{"line":87,"column":32}},"96":{"start":{"line":89,"column":4},"end":{"line":110,"column":6}},"97":{"start":{"line":90,"column":8},"end":{"line":109,"column":11}},"98":{"start":{"line":92,"column":12},"end":{"line":108,"column":15}},"99":{"start":{"line":93,"column":16},"end":{"line":107,"column":17}},"100":{"start":{"line":95,"column":24},"end":{"line":95,"column":50}},"101":{"start":{"line":96,"column":24},"end":{"line":96,"column":40}},"102":{"start":{"line":97,"column":24},"end":{"line":97,"column":60}},"103":{"start":{"line":98,"column":24},"end":{"line":98,"column":62}},"104":{"start":{"line":99,"column":24},"end":{"line":99,"column":58}},"105":{"start":{"line":101,"column":24},"end":{"line":101,"column":34}},"106":{"start":{"line":102,"column":24},"end":{"line":102,"column":102}},"107":{"start":{"line":104,"column":24},"end":{"line":104,"column":42}},"108":{"start":{"line":105,"column":24},"end":{"line":105,"column":53}},"109":{"start":{"line":106,"column":28},"end":{"line":106,"column":50}},"110":{"start":{"line":111,"column":4},"end":{"line":140,"column":6}},"111":{"start":{"line":112,"column":8},"end":{"line":139,"column":11}},"112":{"start":{"line":114,"column":12},"end":{"line":138,"column":15}},"113":{"start":{"line":115,"column":16},"end":{"line":137,"column":17}},"114":{"start":{"line":117,"column":24},"end":{"line":117,"column":50}},"115":{"start":{"line":118,"column":24},"end":{"line":118,"column":40}},"116":{"start":{"line":119,"column":24},"end":{"line":119,"column":65}},"117":{"start":{"line":120,"column":24},"end":{"line":120,"column":61}},"118":{"start":{"line":121,"column":24},"end":{"line":121,"column":67}},"119":{"start":{"line":122,"column":24},"end":{"line":122,"column":62}},"120":{"start":{"line":123,"column":24},"end":{"line":123,"column":58}},"121":{"start":{"line":125,"column":24},"end":{"line":125,"column":34}},"122":{"start":{"line":126,"column":24},"end":{"line":130,"column":27}},"123":{"start":{"line":127,"column":28},"end":{"line":129,"column":29}},"124":{"start":{"line":128,"column":32},"end":{"line":128,"column":51}},"125":{"start":{"line":131,"column":24},"end":{"line":131,"column":102}},"126":{"start":{"line":133,"column":24},"end":{"line":133,"column":42}},"127":{"start":{"line":134,"column":24},"end":{"line":134,"column":43}},"128":{"start":{"line":135,"column":24},"end":{"line":135,"column":105}},"129":{"start":{"line":136,"column":28},"end":{"line":136,"column":50}},"130":{"start":{"line":141,"column":4},"end":{"line":157,"column":6}},"131":{"start":{"line":142,"column":8},"end":{"line":156,"column":11}},"132":{"start":{"line":144,"column":12},"end":{"line":155,"column":15}},"133":{"start":{"line":145,"column":16},"end":{"line":154,"column":17}},"134":{"start":{"line":146,"column":28},"end":{"line":146,"column":102}},"135":{"start":{"line":148,"column":24},"end":{"line":148,"column":47}},"136":{"start":{"line":149,"column":24},"end":{"line":149,"column":55}},"137":{"start":{"line":150,"column":24},"end":{"line":150,"column":50}},"138":{"start":{"line":152,"column":24},"end":{"line":152,"column":47}},"139":{"start":{"line":153,"column":24},"end":{"line":153,"column":46}},"140":{"start":{"line":158,"column":4},"end":{"line":177,"column":6}},"141":{"start":{"line":159,"column":8},"end":{"line":176,"column":11}},"142":{"start":{"line":161,"column":12},"end":{"line":175,"column":15}},"143":{"start":{"line":162,"column":16},"end":{"line":174,"column":17}},"144":{"start":{"line":164,"column":24},"end":{"line":164,"column":50}},"145":{"start":{"line":165,"column":24},"end":{"line":165,"column":81}},"146":{"start":{"line":167,"column":24},"end":{"line":167,"column":44}},"147":{"start":{"line":169,"column":24},"end":{"line":169,"column":105}},"148":{"start":{"line":171,"column":24},"end":{"line":171,"column":42}},"149":{"start":{"line":172,"column":24},"end":{"line":172,"column":105}},"150":{"start":{"line":173,"column":28},"end":{"line":173,"column":50}},"151":{"start":{"line":178,"column":4},"end":{"line":200,"column":6}},"152":{"start":{"line":179,"column":8},"end":{"line":199,"column":11}},"153":{"start":{"line":181,"column":12},"end":{"line":198,"column":15}},"154":{"start":{"line":182,"column":16},"end":{"line":197,"column":17}},"155":{"start":{"line":184,"column":24},"end":{"line":184,"column":50}},"156":{"start":{"line":185,"column":24},"end":{"line":185,"column":133}},"157":{"start":{"line":187,"column":24},"end":{"line":187,"column":47}},"158":{"start":{"line":188,"column":24},"end":{"line":188,"column":64}},"159":{"start":{"line":190,"column":24},"end":{"line":190,"column":34}},"160":{"start":{"line":192,"column":24},"end":{"line":192,"column":108}},"161":{"start":{"line":194,"column":24},"end":{"line":194,"column":42}},"162":{"start":{"line":195,"column":24},"end":{"line":195,"column":105}},"163":{"start":{"line":196,"column":28},"end":{"line":196,"column":50}},"164":{"start":{"line":201,"column":4},"end":{"line":223,"column":6}},"165":{"start":{"line":202,"column":8},"end":{"line":222,"column":11}},"166":{"start":{"line":204,"column":12},"end":{"line":221,"column":15}},"167":{"start":{"line":205,"column":16},"end":{"line":220,"column":17}},"168":{"start":{"line":207,"column":24},"end":{"line":207,"column":50}},"169":{"start":{"line":208,"column":24},"end":{"line":208,"column":136}},"170":{"start":{"line":210,"column":24},"end":{"line":210,"column":47}},"171":{"start":{"line":211,"column":24},"end":{"line":211,"column":64}},"172":{"start":{"line":213,"column":24},"end":{"line":213,"column":34}},"173":{"start":{"line":215,"column":24},"end":{"line":215,"column":110}},"174":{"start":{"line":217,"column":24},"end":{"line":217,"column":42}},"175":{"start":{"line":218,"column":24},"end":{"line":218,"column":105}},"176":{"start":{"line":219,"column":28},"end":{"line":219,"column":50}},"177":{"start":{"line":224,"column":4},"end":{"line":243,"column":6}},"178":{"start":{"line":225,"column":8},"end":{"line":242,"column":11}},"179":{"start":{"line":227,"column":12},"end":{"line":241,"column":15}},"180":{"start":{"line":228,"column":16},"end":{"line":240,"column":17}},"181":{"start":{"line":230,"column":24},"end":{"line":230,"column":50}},"182":{"start":{"line":231,"column":24},"end":{"line":231,"column":98}},"183":{"start":{"line":233,"column":24},"end":{"line":233,"column":47}},"184":{"start":{"line":235,"column":24},"end":{"line":235,"column":108}},"185":{"start":{"line":237,"column":24},"end":{"line":237,"column":42}},"186":{"start":{"line":238,"column":24},"end":{"line":238,"column":103}},"187":{"start":{"line":239,"column":28},"end":{"line":239,"column":50}},"188":{"start":{"line":244,"column":4},"end":{"line":262,"column":6}},"189":{"start":{"line":245,"column":8},"end":{"line":261,"column":11}},"190":{"start":{"line":247,"column":12},"end":{"line":260,"column":15}},"191":{"start":{"line":248,"column":16},"end":{"line":259,"column":17}},"192":{"start":{"line":250,"column":24},"end":{"line":250,"column":50}},"193":{"start":{"line":251,"column":24},"end":{"line":251,"column":107}},"194":{"start":{"line":253,"column":24},"end":{"line":253,"column":34}},"195":{"start":{"line":254,"column":24},"end":{"line":254,"column":102}},"196":{"start":{"line":256,"column":24},"end":{"line":256,"column":42}},"197":{"start":{"line":257,"column":24},"end":{"line":257,"column":105}},"198":{"start":{"line":258,"column":28},"end":{"line":258,"column":50}},"199":{"start":{"line":263,"column":4},"end":{"line":283,"column":6}},"200":{"start":{"line":264,"column":8},"end":{"line":282,"column":11}},"201":{"start":{"line":266,"column":12},"end":{"line":281,"column":15}},"202":{"start":{"line":267,"column":16},"end":{"line":280,"column":17}},"203":{"start":{"line":269,"column":24},"end":{"line":269,"column":50}},"204":{"start":{"line":270,"column":24},"end":{"line":271,"column":82}},"205":{"start":{"line":273,"column":24},"end":{"line":273,"column":47}},"206":{"start":{"line":275,"column":24},"end":{"line":275,"column":108}},"207":{"start":{"line":277,"column":24},"end":{"line":277,"column":42}},"208":{"start":{"line":278,"column":24},"end":{"line":278,"column":105}},"209":{"start":{"line":279,"column":28},"end":{"line":279,"column":50}},"210":{"start":{"line":284,"column":4},"end":{"line":304,"column":6}},"211":{"start":{"line":285,"column":8},"end":{"line":303,"column":11}},"212":{"start":{"line":287,"column":12},"end":{"line":302,"column":15}},"213":{"start":{"line":288,"column":16},"end":{"line":301,"column":17}},"214":{"start":{"line":290,"column":24},"end":{"line":290,"column":50}},"215":{"start":{"line":291,"column":24},"end":{"line":292,"column":81}},"216":{"start":{"line":294,"column":24},"end":{"line":294,"column":47}},"217":{"start":{"line":296,"column":24},"end":{"line":296,"column":108}},"218":{"start":{"line":298,"column":24},"end":{"line":298,"column":42}},"219":{"start":{"line":299,"column":24},"end":{"line":299,"column":105}},"220":{"start":{"line":300,"column":28},"end":{"line":300,"column":50}},"221":{"start":{"line":305,"column":4},"end":{"line":305,"column":24}},"222":{"start":{"line":307,"column":0},"end":{"line":307,"column":36}}},"fnMap":{"0":{"name":"(anonymous_0)","decl":{"start":{"line":2,"column":44},"end":{"line":2,"column":45}},"loc":{"start":{"line":2,"column":89},"end":{"line":10,"column":1}},"line":2},"1":{"name":"adopt","decl":{"start":{"line":3,"column":13},"end":{"line":3,"column":18}},"loc":{"start":{"line":3,"column":26},"end":{"line":3,"column":112}},"line":3},"2":{"name":"(anonymous_2)","decl":{"start":{"line":3,"column":70},"end":{"line":3,"column":71}},"loc":{"start":{"line":3,"column":89},"end":{"line":3,"column":108}},"line":3},"3":{"name":"(anonymous_3)","decl":{"start":{"line":4,"column":36},"end":{"line":4,"column":37}},"loc":{"start":{"line":4,"column":63},"end":{"line":9,"column":5}},"line":4},"4":{"name":"fulfilled","decl":{"start":{"line":5,"column":17},"end":{"line":5,"column":26}},"loc":{"start":{"line":5,"column":34},"end":{"line":5,"column":99}},"line":5},"5":{"name":"rejected","decl":{"start":{"line":6,"column":17},"end":{"line":6,"column":25}},"loc":{"start":{"line":6,"column":33},"end":{"line":6,"column":102}},"line":6},"6":{"name":"step","decl":{"start":{"line":7,"column":17},"end":{"line":7,"column":21}},"loc":{"start":{"line":7,"column":30},"end":{"line":7,"column":118}},"line":7},"7":{"name":"(anonymous_7)","decl":{"start":{"line":11,"column":48},"end":{"line":11,"column":49}},"loc":{"start":{"line":11,"column":73},"end":{"line":37,"column":1}},"line":11},"8":{"name":"(anonymous_8)","decl":{"start":{"line":12,"column":30},"end":{"line":12,"column":31}},"loc":{"start":{"line":12,"column":41},"end":{"line":12,"column":83}},"line":12},"9":{"name":"(anonymous_9)","decl":{"start":{"line":13,"column":125},"end":{"line":13,"column":126}},"loc":{"start":{"line":13,"column":136},"end":{"line":13,"column":152}},"line":13},"10":{"name":"verb","decl":{"start":{"line":14,"column":13},"end":{"line":14,"column":17}},"loc":{"start":{"line":14,"column":21},"end":{"line":14,"column":70}},"line":14},"11":{"name":"(anonymous_11)","decl":{"start":{"line":14,"column":30},"end":{"line":14,"column":31}},"loc":{"start":{"line":14,"column":43},"end":{"line":14,"column":67}},"line":14},"12":{"name":"step","decl":{"start":{"line":15,"column":13},"end":{"line":15,"column":17}},"loc":{"start":{"line":15,"column":22},"end":{"line":36,"column":5}},"line":15},"13":{"name":"(anonymous_13)","decl":{"start":{"line":45,"column":34},"end":{"line":45,"column":35}},"loc":{"start":{"line":45,"column":46},"end":{"line":306,"column":1}},"line":45},"14":{"name":"userServices","decl":{"start":{"line":46,"column":13},"end":{"line":46,"column":25}},"loc":{"start":{"line":46,"column":28},"end":{"line":47,"column":5}},"line":46},"15":{"name":"(anonymous_15)","decl":{"start":{"line":48,"column":25},"end":{"line":48,"column":26}},"loc":{"start":{"line":48,"column":45},"end":{"line":82,"column":5}},"line":48},"16":{"name":"(anonymous_16)","decl":{"start":{"line":49,"column":47},"end":{"line":49,"column":48}},"loc":{"start":{"line":49,"column":59},"end":{"line":81,"column":9}},"line":49},"17":{"name":"(anonymous_17)","decl":{"start":{"line":51,"column":37},"end":{"line":51,"column":38}},"loc":{"start":{"line":51,"column":51},"end":{"line":80,"column":13}},"line":51},"18":{"name":"(anonymous_18)","decl":{"start":{"line":63,"column":78},"end":{"line":63,"column":79}},"loc":{"start":{"line":63,"column":99},"end":{"line":73,"column":25}},"line":63},"19":{"name":"(anonymous_19)","decl":{"start":{"line":83,"column":30},"end":{"line":83,"column":31}},"loc":{"start":{"line":83,"column":45},"end":{"line":88,"column":5}},"line":83},"20":{"name":"(anonymous_20)","decl":{"start":{"line":89,"column":26},"end":{"line":89,"column":27}},"loc":{"start":{"line":89,"column":41},"end":{"line":110,"column":5}},"line":89},"21":{"name":"(anonymous_21)","decl":{"start":{"line":90,"column":47},"end":{"line":90,"column":48}},"loc":{"start":{"line":90,"column":59},"end":{"line":109,"column":9}},"line":90},"22":{"name":"(anonymous_22)","decl":{"start":{"line":92,"column":37},"end":{"line":92,"column":38}},"loc":{"start":{"line":92,"column":51},"end":{"line":108,"column":13}},"line":92},"23":{"name":"(anonymous_23)","decl":{"start":{"line":111,"column":26},"end":{"line":111,"column":27}},"loc":{"start":{"line":111,"column":41},"end":{"line":140,"column":5}},"line":111},"24":{"name":"(anonymous_24)","decl":{"start":{"line":112,"column":47},"end":{"line":112,"column":48}},"loc":{"start":{"line":112,"column":59},"end":{"line":139,"column":9}},"line":112},"25":{"name":"(anonymous_25)","decl":{"start":{"line":114,"column":37},"end":{"line":114,"column":38}},"loc":{"start":{"line":114,"column":51},"end":{"line":138,"column":13}},"line":114},"26":{"name":"(anonymous_26)","decl":{"start":{"line":126,"column":49},"end":{"line":126,"column":50}},"loc":{"start":{"line":126,"column":64},"end":{"line":130,"column":25}},"line":126},"27":{"name":"(anonymous_27)","decl":{"start":{"line":141,"column":28},"end":{"line":141,"column":29}},"loc":{"start":{"line":141,"column":48},"end":{"line":157,"column":5}},"line":141},"28":{"name":"(anonymous_28)","decl":{"start":{"line":142,"column":47},"end":{"line":142,"column":48}},"loc":{"start":{"line":142,"column":59},"end":{"line":156,"column":9}},"line":142},"29":{"name":"(anonymous_29)","decl":{"start":{"line":144,"column":37},"end":{"line":144,"column":38}},"loc":{"start":{"line":144,"column":51},"end":{"line":155,"column":13}},"line":144},"30":{"name":"(anonymous_30)","decl":{"start":{"line":158,"column":26},"end":{"line":158,"column":27}},"loc":{"start":{"line":158,"column":38},"end":{"line":177,"column":5}},"line":158},"31":{"name":"(anonymous_31)","decl":{"start":{"line":159,"column":47},"end":{"line":159,"column":48}},"loc":{"start":{"line":159,"column":59},"end":{"line":176,"column":9}},"line":159},"32":{"name":"(anonymous_32)","decl":{"start":{"line":161,"column":37},"end":{"line":161,"column":38}},"loc":{"start":{"line":161,"column":51},"end":{"line":175,"column":13}},"line":161},"33":{"name":"(anonymous_33)","decl":{"start":{"line":178,"column":29},"end":{"line":178,"column":30}},"loc":{"start":{"line":178,"column":44},"end":{"line":200,"column":5}},"line":178},"34":{"name":"(anonymous_34)","decl":{"start":{"line":179,"column":47},"end":{"line":179,"column":48}},"loc":{"start":{"line":179,"column":59},"end":{"line":199,"column":9}},"line":179},"35":{"name":"(anonymous_35)","decl":{"start":{"line":181,"column":37},"end":{"line":181,"column":38}},"loc":{"start":{"line":181,"column":51},"end":{"line":198,"column":13}},"line":181},"36":{"name":"(anonymous_36)","decl":{"start":{"line":201,"column":32},"end":{"line":201,"column":33}},"loc":{"start":{"line":201,"column":47},"end":{"line":223,"column":5}},"line":201},"37":{"name":"(anonymous_37)","decl":{"start":{"line":202,"column":47},"end":{"line":202,"column":48}},"loc":{"start":{"line":202,"column":59},"end":{"line":222,"column":9}},"line":202},"38":{"name":"(anonymous_38)","decl":{"start":{"line":204,"column":37},"end":{"line":204,"column":38}},"loc":{"start":{"line":204,"column":51},"end":{"line":221,"column":13}},"line":204},"39":{"name":"(anonymous_39)","decl":{"start":{"line":224,"column":26},"end":{"line":224,"column":27}},"loc":{"start":{"line":224,"column":41},"end":{"line":243,"column":5}},"line":224},"40":{"name":"(anonymous_40)","decl":{"start":{"line":225,"column":47},"end":{"line":225,"column":48}},"loc":{"start":{"line":225,"column":59},"end":{"line":242,"column":9}},"line":225},"41":{"name":"(anonymous_41)","decl":{"start":{"line":227,"column":37},"end":{"line":227,"column":38}},"loc":{"start":{"line":227,"column":51},"end":{"line":241,"column":13}},"line":227},"42":{"name":"(anonymous_42)","decl":{"start":{"line":244,"column":30},"end":{"line":244,"column":31}},"loc":{"start":{"line":244,"column":45},"end":{"line":262,"column":5}},"line":244},"43":{"name":"(anonymous_43)","decl":{"start":{"line":245,"column":47},"end":{"line":245,"column":48}},"loc":{"start":{"line":245,"column":59},"end":{"line":261,"column":9}},"line":245},"44":{"name":"(anonymous_44)","decl":{"start":{"line":247,"column":37},"end":{"line":247,"column":38}},"loc":{"start":{"line":247,"column":51},"end":{"line":260,"column":13}},"line":247},"45":{"name":"(anonymous_45)","decl":{"start":{"line":263,"column":28},"end":{"line":263,"column":29}},"loc":{"start":{"line":263,"column":43},"end":{"line":283,"column":5}},"line":263},"46":{"name":"(anonymous_46)","decl":{"start":{"line":264,"column":47},"end":{"line":264,"column":48}},"loc":{"start":{"line":264,"column":59},"end":{"line":282,"column":9}},"line":264},"47":{"name":"(anonymous_47)","decl":{"start":{"line":266,"column":37},"end":{"line":266,"column":38}},"loc":{"start":{"line":266,"column":51},"end":{"line":281,"column":13}},"line":266},"48":{"name":"(anonymous_48)","decl":{"start":{"line":284,"column":36},"end":{"line":284,"column":37}},"loc":{"start":{"line":284,"column":51},"end":{"line":304,"column":5}},"line":284},"49":{"name":"(anonymous_49)","decl":{"start":{"line":285,"column":47},"end":{"line":285,"column":48}},"loc":{"start":{"line":285,"column":59},"end":{"line":303,"column":9}},"line":285},"50":{"name":"(anonymous_50)","decl":{"start":{"line":287,"column":37},"end":{"line":287,"column":38}},"loc":{"start":{"line":287,"column":51},"end":{"line":302,"column":13}},"line":287}},"branchMap":{"0":{"loc":{"start":{"line":2,"column":16},"end":{"line":10,"column":1}},"type":"binary-expr","locations":[{"start":{"line":2,"column":17},"end":{"line":2,"column":21}},{"start":{"line":2,"column":25},"end":{"line":2,"column":39}},{"start":{"line":2,"column":44},"end":{"line":10,"column":1}}],"line":2},"1":{"loc":{"start":{"line":3,"column":35},"end":{"line":3,"column":109}},"type":"cond-expr","locations":[{"start":{"line":3,"column":56},"end":{"line":3,"column":61}},{"start":{"line":3,"column":64},"end":{"line":3,"column":109}}],"line":3},"2":{"loc":{"start":{"line":4,"column":16},"end":{"line":4,"column":34}},"type":"binary-expr","locations":[{"start":{"line":4,"column":16},"end":{"line":4,"column":17}},{"start":{"line":4,"column":22},"end":{"line":4,"column":33}}],"line":4},"3":{"loc":{"start":{"line":7,"column":32},"end":{"line":7,"column":115}},"type":"cond-expr","locations":[{"start":{"line":7,"column":46},"end":{"line":7,"column":67}},{"start":{"line":7,"column":70},"end":{"line":7,"column":115}}],"line":7},"4":{"loc":{"start":{"line":8,"column":51},"end":{"line":8,"column":67}},"type":"binary-expr","locations":[{"start":{"line":8,"column":51},"end":{"line":8,"column":61}},{"start":{"line":8,"column":65},"end":{"line":8,"column":67}}],"line":8},"5":{"loc":{"start":{"line":11,"column":18},"end":{"line":37,"column":1}},"type":"binary-expr","locations":[{"start":{"line":11,"column":19},"end":{"line":11,"column":23}},{"start":{"line":11,"column":27},"end":{"line":11,"column":43}},{"start":{"line":11,"column":48},"end":{"line":37,"column":1}}],"line":11},"6":{"loc":{"start":{"line":12,"column":43},"end":{"line":12,"column":68}},"type":"if","locations":[{"start":{"line":12,"column":43},"end":{"line":12,"column":68}},{"start":{"line":12,"column":43},"end":{"line":12,"column":68}}],"line":12},"7":{"loc":{"start":{"line":13,"column":71},"end":{"line":13,"column":153}},"type":"binary-expr","locations":[{"start":{"line":13,"column":71},"end":{"line":13,"column":99}},{"start":{"line":13,"column":104},"end":{"line":13,"column":152}}],"line":13},"8":{"loc":{"start":{"line":16,"column":8},"end":{"line":16,"column":70}},"type":"if","locations":[{"start":{"line":16,"column":8},"end":{"line":16,"column":70}},{"start":{"line":16,"column":8},"end":{"line":16,"column":70}}],"line":16},"9":{"loc":{"start":{"line":18,"column":12},"end":{"line":18,"column":169}},"type":"if","locations":[{"start":{"line":18,"column":12},"end":{"line":18,"column":169}},{"start":{"line":18,"column":12},"end":{"line":18,"column":169}}],"line":18},"10":{"loc":{"start":{"line":18,"column":23},"end":{"line":18,"column":158}},"type":"binary-expr","locations":[{"start":{"line":18,"column":23},"end":{"line":18,"column":24}},{"start":{"line":18,"column":29},"end":{"line":18,"column":125}},{"start":{"line":18,"column":130},"end":{"line":18,"column":158}}],"line":18},"11":{"loc":{"start":{"line":18,"column":33},"end":{"line":18,"column":125}},"type":"cond-expr","locations":[{"start":{"line":18,"column":45},"end":{"line":18,"column":56}},{"start":{"line":18,"column":59},"end":{"line":18,"column":125}}],"line":18},"12":{"loc":{"start":{"line":18,"column":59},"end":{"line":18,"column":125}},"type":"cond-expr","locations":[{"start":{"line":18,"column":67},"end":{"line":18,"column":116}},{"start":{"line":18,"column":119},"end":{"line":18,"column":125}}],"line":18},"13":{"loc":{"start":{"line":18,"column":67},"end":{"line":18,"column":116}},"type":"binary-expr","locations":[{"start":{"line":18,"column":67},"end":{"line":18,"column":77}},{"start":{"line":18,"column":82},"end":{"line":18,"column":115}}],"line":18},"14":{"loc":{"start":{"line":18,"column":82},"end":{"line":18,"column":112}},"type":"binary-expr","locations":[{"start":{"line":18,"column":83},"end":{"line":18,"column":98}},{"start":{"line":18,"column":103},"end":{"line":18,"column":112}}],"line":18},"15":{"loc":{"start":{"line":19,"column":12},"end":{"line":19,"column":52}},"type":"if","locations":[{"start":{"line":19,"column":12},"end":{"line":19,"column":52}},{"start":{"line":19,"column":12},"end":{"line":19,"column":52}}],"line":19},"16":{"loc":{"start":{"line":20,"column":12},"end":{"line":32,"column":13}},"type":"switch","locations":[{"start":{"line":21,"column":16},"end":{"line":21,"column":23}},{"start":{"line":21,"column":24},"end":{"line":21,"column":46}},{"start":{"line":22,"column":16},"end":{"line":22,"column":72}},{"start":{"line":23,"column":16},"end":{"line":23,"column":65}},{"start":{"line":24,"column":16},"end":{"line":24,"column":65}},{"start":{"line":25,"column":16},"end":{"line":31,"column":43}}],"line":20},"17":{"loc":{"start":{"line":26,"column":20},"end":{"line":26,"column":128}},"type":"if","locations":[{"start":{"line":26,"column":20},"end":{"line":26,"column":128}},{"start":{"line":26,"column":20},"end":{"line":26,"column":128}}],"line":26},"18":{"loc":{"start":{"line":26,"column":24},"end":{"line":26,"column":106}},"type":"binary-expr","locations":[{"start":{"line":26,"column":24},"end":{"line":26,"column":74}},{"start":{"line":26,"column":79},"end":{"line":26,"column":90}},{"start":{"line":26,"column":94},"end":{"line":26,"column":105}}],"line":26},"19":{"loc":{"start":{"line":26,"column":42},"end":{"line":26,"column":73}},"type":"binary-expr","locations":[{"start":{"line":26,"column":42},"end":{"line":26,"column":54}},{"start":{"line":26,"column":58},"end":{"line":26,"column":73}}],"line":26},"20":{"loc":{"start":{"line":27,"column":20},"end":{"line":27,"column":106}},"type":"if","locations":[{"start":{"line":27,"column":20},"end":{"line":27,"column":106}},{"start":{"line":27,"column":20},"end":{"line":27,"column":106}}],"line":27},"21":{"loc":{"start":{"line":27,"column":24},"end":{"line":27,"column":77}},"type":"binary-expr","locations":[{"start":{"line":27,"column":24},"end":{"line":27,"column":35}},{"start":{"line":27,"column":40},"end":{"line":27,"column":42}},{"start":{"line":27,"column":47},"end":{"line":27,"column":59}},{"start":{"line":27,"column":63},"end":{"line":27,"column":75}}],"line":27},"22":{"loc":{"start":{"line":28,"column":20},"end":{"line":28,"column":89}},"type":"if","locations":[{"start":{"line":28,"column":20},"end":{"line":28,"column":89}},{"start":{"line":28,"column":20},"end":{"line":28,"column":89}}],"line":28},"23":{"loc":{"start":{"line":28,"column":24},"end":{"line":28,"column":53}},"type":"binary-expr","locations":[{"start":{"line":28,"column":24},"end":{"line":28,"column":35}},{"start":{"line":28,"column":39},"end":{"line":28,"column":53}}],"line":28},"24":{"loc":{"start":{"line":29,"column":20},"end":{"line":29,"column":87}},"type":"if","locations":[{"start":{"line":29,"column":20},"end":{"line":29,"column":87}},{"start":{"line":29,"column":20},"end":{"line":29,"column":87}}],"line":29},"25":{"loc":{"start":{"line":29,"column":24},"end":{"line":29,"column":43}},"type":"binary-expr","locations":[{"start":{"line":29,"column":24},"end":{"line":29,"column":25}},{"start":{"line":29,"column":29},"end":{"line":29,"column":43}}],"line":29},"26":{"loc":{"start":{"line":30,"column":20},"end":{"line":30,"column":42}},"type":"if","locations":[{"start":{"line":30,"column":20},"end":{"line":30,"column":42}},{"start":{"line":30,"column":20},"end":{"line":30,"column":42}}],"line":30},"27":{"loc":{"start":{"line":35,"column":8},"end":{"line":35,"column":35}},"type":"if","locations":[{"start":{"line":35,"column":8},"end":{"line":35,"column":35}},{"start":{"line":35,"column":8},"end":{"line":35,"column":35}}],"line":35},"28":{"loc":{"start":{"line":35,"column":52},"end":{"line":35,"column":74}},"type":"cond-expr","locations":[{"start":{"line":35,"column":60},"end":{"line":35,"column":65}},{"start":{"line":35,"column":68},"end":{"line":35,"column":74}}],"line":35},"29":{"loc":{"start":{"line":52,"column":16},"end":{"line":78,"column":17}},"type":"if","locations":[{"start":{"line":52,"column":16},"end":{"line":78,"column":17}},{"start":{"line":52,"column":16},"end":{"line":78,"column":17}}],"line":52},"30":{"loc":{"start":{"line":52,"column":20},"end":{"line":52,"column":60}},"type":"binary-expr","locations":[{"start":{"line":52,"column":20},"end":{"line":52,"column":38}},{"start":{"line":52,"column":42},"end":{"line":52,"column":60}}],"line":52},"31":{"loc":{"start":{"line":64,"column":28},"end":{"line":71,"column":29}},"type":"if","locations":[{"start":{"line":64,"column":28},"end":{"line":71,"column":29}},{"start":{"line":64,"column":28},"end":{"line":71,"column":29}}],"line":64},"32":{"loc":{"start":{"line":84,"column":8},"end":{"line":86,"column":9}},"type":"if","locations":[{"start":{"line":84,"column":8},"end":{"line":86,"column":9}},{"start":{"line":84,"column":8},"end":{"line":86,"column":9}}],"line":84},"33":{"loc":{"start":{"line":93,"column":16},"end":{"line":107,"column":17}},"type":"switch","locations":[{"start":{"line":94,"column":20},"end":{"line":99,"column":58}},{"start":{"line":100,"column":20},"end":{"line":102,"column":102}},{"start":{"line":103,"column":20},"end":{"line":105,"column":53}},{"start":{"line":106,"column":20},"end":{"line":106,"column":50}}],"line":93},"34":{"loc":{"start":{"line":115,"column":16},"end":{"line":137,"column":17}},"type":"switch","locations":[{"start":{"line":116,"column":20},"end":{"line":123,"column":58}},{"start":{"line":124,"column":20},"end":{"line":131,"column":102}},{"start":{"line":132,"column":20},"end":{"line":135,"column":105}},{"start":{"line":136,"column":20},"end":{"line":136,"column":50}}],"line":115},"35":{"loc":{"start":{"line":127,"column":28},"end":{"line":129,"column":29}},"type":"if","locations":[{"start":{"line":127,"column":28},"end":{"line":129,"column":29}},{"start":{"line":127,"column":28},"end":{"line":129,"column":29}}],"line":127},"36":{"loc":{"start":{"line":145,"column":16},"end":{"line":154,"column":17}},"type":"switch","locations":[{"start":{"line":146,"column":20},"end":{"line":146,"column":102}},{"start":{"line":147,"column":20},"end":{"line":153,"column":46}}],"line":145},"37":{"loc":{"start":{"line":162,"column":16},"end":{"line":174,"column":17}},"type":"switch","locations":[{"start":{"line":163,"column":20},"end":{"line":165,"column":81}},{"start":{"line":166,"column":20},"end":{"line":169,"column":105}},{"start":{"line":170,"column":20},"end":{"line":172,"column":105}},{"start":{"line":173,"column":20},"end":{"line":173,"column":50}}],"line":162},"38":{"loc":{"start":{"line":182,"column":16},"end":{"line":197,"column":17}},"type":"switch","locations":[{"start":{"line":183,"column":20},"end":{"line":185,"column":133}},{"start":{"line":186,"column":20},"end":{"line":188,"column":64}},{"start":{"line":189,"column":20},"end":{"line":192,"column":108}},{"start":{"line":193,"column":20},"end":{"line":195,"column":105}},{"start":{"line":196,"column":20},"end":{"line":196,"column":50}}],"line":182},"39":{"loc":{"start":{"line":205,"column":16},"end":{"line":220,"column":17}},"type":"switch","locations":[{"start":{"line":206,"column":20},"end":{"line":208,"column":136}},{"start":{"line":209,"column":20},"end":{"line":211,"column":64}},{"start":{"line":212,"column":20},"end":{"line":215,"column":110}},{"start":{"line":216,"column":20},"end":{"line":218,"column":105}},{"start":{"line":219,"column":20},"end":{"line":219,"column":50}}],"line":205},"40":{"loc":{"start":{"line":228,"column":16},"end":{"line":240,"column":17}},"type":"switch","locations":[{"start":{"line":229,"column":20},"end":{"line":231,"column":98}},{"start":{"line":232,"column":20},"end":{"line":235,"column":108}},{"start":{"line":236,"column":20},"end":{"line":238,"column":103}},{"start":{"line":239,"column":20},"end":{"line":239,"column":50}}],"line":228},"41":{"loc":{"start":{"line":248,"column":16},"end":{"line":259,"column":17}},"type":"switch","locations":[{"start":{"line":249,"column":20},"end":{"line":251,"column":107}},{"start":{"line":252,"column":20},"end":{"line":254,"column":102}},{"start":{"line":255,"column":20},"end":{"line":257,"column":105}},{"start":{"line":258,"column":20},"end":{"line":258,"column":50}}],"line":248},"42":{"loc":{"start":{"line":267,"column":16},"end":{"line":280,"column":17}},"type":"switch","locations":[{"start":{"line":268,"column":20},"end":{"line":271,"column":82}},{"start":{"line":272,"column":20},"end":{"line":275,"column":108}},{"start":{"line":276,"column":20},"end":{"line":278,"column":105}},{"start":{"line":279,"column":20},"end":{"line":279,"column":50}}],"line":267},"43":{"loc":{"start":{"line":288,"column":16},"end":{"line":301,"column":17}},"type":"switch","locations":[{"start":{"line":289,"column":20},"end":{"line":292,"column":81}},{"start":{"line":293,"column":20},"end":{"line":296,"column":108}},{"start":{"line":297,"column":20},"end":{"line":299,"column":105}},{"start":{"line":300,"column":20},"end":{"line":300,"column":50}}],"line":288}},"s":{"0":1,"1":0,"2":0,"3":10,"4":0,"5":0,"6":0,"7":0,"8":0,"9":0,"10":10,"11":10,"12":1,"13":10,"14":10,"15":0,"16":10,"17":10,"18":0,"19":30,"20":10,"21":10,"22":0,"23":10,"24":40,"25":40,"26":0,"27":40,"28":0,"29":40,"30":10,"31":10,"32":0,"33":0,"34":0,"35":0,"36":0,"37":0,"38":0,"39":0,"40":0,"41":30,"42":10,"43":10,"44":20,"45":0,"46":0,"47":20,"48":10,"49":10,"50":10,"51":10,"52":0,"53":0,"54":0,"55":10,"56":0,"57":10,"58":10,"59":20,"60":10,"61":10,"62":40,"63":10,"64":0,"65":10,"66":1,"67":1,"68":1,"69":1,"70":1,"71":1,"72":1,"73":1,"74":1,"75":0,"76":0,"77":0,"78":0,"79":0,"80":0,"81":0,"82":0,"83":0,"84":0,"85":0,"86":0,"87":0,"88":0,"89":0,"90":0,"91":0,"92":1,"93":4,"94":0,"95":0,"96":1,"97":4,"98":4,"99":8,"100":4,"101":4,"102":4,"103":0,"104":0,"105":0,"106":0,"107":4,"108":4,"109":0,"110":1,"111":1,"112":1,"113":2,"114":1,"115":1,"116":1,"117":0,"118":0,"119":0,"120":0,"121":0,"122":0,"123":0,"124":0,"125":0,"126":1,"127":1,"128":1,"129":0,"130":1,"131":0,"132":0,"133":0,"134":0,"135":0,"136":0,"137":0,"138":0,"139":0,"140":1,"141":0,"142":0,"143":0,"144":0,"145":0,"146":0,"147":0,"148":0,"149":0,"150":0,"151":1,"152":0,"153":0,"154":0,"155":0,"156":0,"157":0,"158":0,"159":0,"160":0,"161":0,"162":0,"163":0,"164":1,"165":1,"166":1,"167":2,"168":1,"169":1,"170":0,"171":0,"172":0,"173":0,"174":1,"175":1,"176":0,"177":1,"178":1,"179":1,"180":2,"181":1,"182":1,"183":0,"184":0,"185":1,"186":1,"187":0,"188":1,"189":1,"190":1,"191":2,"192":1,"193":1,"194":0,"195":0,"196":1,"197":1,"198":0,"199":1,"200":1,"201":1,"202":2,"203":1,"204":1,"205":0,"206":0,"207":1,"208":1,"209":0,"210":1,"211":1,"212":1,"213":2,"214":1,"215":1,"216":0,"217":0,"218":1,"219":1,"220":0,"221":1,"222":1},"f":{"0":10,"1":0,"2":0,"3":10,"4":0,"5":0,"6":10,"7":10,"8":10,"9":0,"10":30,"11":10,"12":10,"13":1,"14":0,"15":0,"16":0,"17":0,"18":0,"19":4,"20":4,"21":4,"22":8,"23":1,"24":1,"25":2,"26":0,"27":0,"28":0,"29":0,"30":0,"31":0,"32":0,"33":0,"34":0,"35":0,"36":1,"37":1,"38":2,"39":1,"40":1,"41":2,"42":1,"43":1,"44":2,"45":1,"46":1,"47":2,"48":1,"49":1,"50":2},"b":{"0":[1,1,1],"1":[0,0],"2":[10,10],"3":[10,0],"4":[10,10],"5":[1,1,1],"6":[0,10],"7":[10,10],"8":[0,10],"9":[0,40],"10":[40,0,0],"11":[0,0],"12":[0,0],"13":[0,0],"14":[0,0],"15":[0,40],"16":[10,10,0,0,0,30],"17":[10,20],"18":[30,10,10],"19":[30,20],"20":[0,20],"21":[20,0,0,0],"22":[10,10],"23":[20,10],"24":[0,10],"25":[10,10],"26":[0,10],"27":[0,10],"28":[10,0],"29":[0,0],"30":[0,0],"31":[0,0],"32":[0,0],"33":[4,0,4,0],"34":[1,0,1,0],"35":[0,0],"36":[0,0],"37":[0,0,0,0],"38":[0,0,0,0,0],"39":[1,0,0,1,0],"40":[1,0,1,0],"41":[1,0,1,0],"42":[1,0,1,0],"43":[1,0,1,0]},"inputSourceMap":null,"_coverageSchema":"1a1c01bbd47fc00a2c39e90264f33305004495a9","hash":"5d63b255bc07daa0b3e4c84c33a0ab4de670b47a"}
,"D:\\UI Portal\\automationreqportal\\backend\\src\\Helper\\config.ts": {"path":"D:\\UI Portal\\automationreqportal\\backend\\src\\Helper\\config.ts","statementMap":{"0":{"start":{"line":1,"column":26},"end":{"line":1,"column":31}},"1":{"start":{"line":3,"column":22},"end":{"line":15,"column":null}},"2":{"start":{"line":17,"column":13},"end":{"line":30,"column":2}},"3":{"start":{"line":32,"column":0},"end":{"line":34,"column":2}}},"fnMap":{},"branchMap":{},"s":{"0":1,"1":1,"2":1,"3":1},"f":{},"b":{}}
,"D:\\UI Portal\\automationreqportal\\backend\\src\\Helper\\db-testcase-handler.ts": {"path":"D:\\UI Portal\\automationreqportal\\backend\\src\\Helper\\db-testcase-handler.ts","statementMap":{"0":{"start":{"line":1,"column":17},"end":{"line":1,"column":36}},"1":{"start":{"line":2,"column":30},"end":{"line":2,"column":63}},"2":{"start":{"line":4,"column":15},"end":{"line":4,"column":38}},"3":{"start":{"line":9,"column":0},"end":{"line":20,"column":null}},"4":{"start":{"line":9,"column":25},"end":{"line":20,"column":null}},"5":{"start":{"line":10,"column":16},"end":{"line":10,"column":null}},"6":{"start":{"line":10,"column":10},"end":{"line":10,"column":null}},"7":{"start":{"line":12,"column":10},"end":{"line":17,"column":6}},"8":{"start":{"line":19,"column":4},"end":{"line":19,"column":46}},"9":{"start":{"line":25,"column":0},"end":{"line":29,"column":null}},"10":{"start":{"line":25,"column":31},"end":{"line":29,"column":null}},"11":{"start":{"line":26,"column":4},"end":{"line":26,"column":45}},"12":{"start":{"line":27,"column":4},"end":{"line":27,"column":38}},"13":{"start":{"line":28,"column":4},"end":{"line":28,"column":24}},"14":{"start":{"line":34,"column":0},"end":{"line":41,"column":null}},"15":{"start":{"line":34,"column":31},"end":{"line":41,"column":null}},"16":{"start":{"line":35,"column":10},"end":{"line":35,"column":56}},"17":{"start":{"line":38,"column":14},"end":{"line":38,"column":44}},"18":{"start":{"line":39,"column":8},"end":{"line":39,"column":38}}},"fnMap":{"0":{"name":"(anonymous_13)","decl":{"start":{"line":9,"column":25},"end":{"line":9,"column":null}},"loc":{"start":{"line":9,"column":25},"end":{"line":20,"column":null}}},"1":{"name":"(anonymous_16)","decl":{"start":{"line":25,"column":31},"end":{"line":25,"column":null}},"loc":{"start":{"line":25,"column":31},"end":{"line":29,"column":null}}},"2":{"name":"(anonymous_19)","decl":{"start":{"line":34,"column":31},"end":{"line":34,"column":null}},"loc":{"start":{"line":34,"column":31},"end":{"line":41,"column":null}}}},"branchMap":{"0":{"loc":{"start":{"line":10,"column":16},"end":{"line":10,"column":null}},"type":"switch","locations":[{"start":{"line":10,"column":16},"end":{"line":10,"column":null}}]},"1":{"loc":{"start":{"line":26,"column":4},"end":{"line":26,"column":45}},"type":"switch","locations":[{"start":{"line":26,"column":4},"end":{"line":26,"column":45}}]}},"s":{"0":1,"1":1,"2":1,"3":1,"4":1,"5":1,"6":1,"7":1,"8":2,"9":1,"10":1,"11":2,"12":2,"13":2,"14":1,"15":7,"16":7,"17":7,"18":14},"f":{"0":2,"1":2,"2":14},"b":{"0":[1],"1":[1]}}
,"D:\\UI Portal\\automationreqportal\\backend\\src\\dataModel\\responseModel.ts": {"path":"D:\\UI Portal\\automationreqportal\\backend\\src\\dataModel\\responseModel.ts","statementMap":{"0":{"start":{"line":1,"column":0},"end":{"line":1,"column":13}},"1":{"start":{"line":8,"column":8},"end":{"line":8,"column":31}},"2":{"start":{"line":9,"column":8},"end":{"line":9,"column":25}},"3":{"start":{"line":10,"column":8},"end":{"line":10,"column":27}},"4":{"start":{"line":12,"column":18},"end":{"line":14,"column":null}},"5":{"start":{"line":13,"column":8},"end":{"line":13,"column":51}},"6":{"start":{"line":15,"column":18},"end":{"line":17,"column":null}},"7":{"start":{"line":16,"column":8},"end":{"line":16,"column":53}},"8":{"start":{"line":18,"column":0},"end":{"line":18,"column":null}},"9":{"start":{"line":1,"column":13},"end":{"line":1,"column":28}}},"fnMap":{"0":{"name":"(anonymous_0)","decl":{"start":{"line":1,"column":0},"end":{"line":1,"column":13}},"loc":{"start":{"line":1,"column":0},"end":{"line":18,"column":null}}},"1":{"name":"ResponseService","decl":{"start":{"line":7,"column":4},"end":{"line":7,"column":17}},"loc":{"start":{"line":7,"column":53},"end":{"line":11,"column":5}}},"2":{"name":"(anonymous_2)","decl":{"start":{"line":12,"column":4},"end":{"line":12,"column":18}},"loc":{"start":{"line":12,"column":43},"end":{"line":14,"column":5}}},"3":{"name":"(anonymous_3)","decl":{"start":{"line":15,"column":4},"end":{"line":15,"column":18}},"loc":{"start":{"line":15,"column":46},"end":{"line":17,"column":5}}}},"branchMap":{},"s":{"0":1,"1":6,"2":6,"3":6,"4":1,"5":1,"6":1,"7":5,"8":1,"9":1},"f":{"0":1,"1":6,"2":1,"3":5},"b":{}}
,"D:\\UI Portal\\automationreqportal\\backend\\src\\dbModels\\usermodel.ts": {"path":"D:\\UI Portal\\automationreqportal\\backend\\src\\dbModels\\usermodel.ts","statementMap":{"0":{"start":{"line":1,"column":0},"end":{"line":1,"column":37}},"1":{"start":{"line":3,"column":15},"end":{"line":3,"column":30}},"2":{"start":{"line":7,"column":16},"end":{"line":28,"column":20}},"3":{"start":{"line":30,"column":13},"end":{"line":30,"column":77}}},"fnMap":{},"branchMap":{},"s":{"0":1,"1":1,"2":1,"3":1},"f":{},"b":{}}
,"D:\\UI Portal\\automationreqportal\\backend\\src\\services\\userServices.ts": {"path":"D:\\UI Portal\\automationreqportal\\backend\\src\\services\\userServices.ts","statementMap":{"0":{"start":{"line":3,"column":0},"end":{"line":3,"column":51}},"1":{"start":{"line":4,"column":0},"end":{"line":4,"column":60}},"2":{"start":{"line":9,"column":11},"end":{"line":9,"column":24}},"3":{"start":{"line":10,"column":13},"end":{"line":10,"column":28}},"4":{"start":{"line":11,"column":15},"end":{"line":11,"column":51}},"5":{"start":{"line":13,"column":0},"end":{"line":13,"column":13}},"6":{"start":{"line":15,"column":24},"end":{"line":43,"column":null}},"7":{"start":{"line":16,"column":8},"end":{"line":42,"column":null}},"8":{"start":{"line":17,"column":12},"end":{"line":17,"column":69}},"9":{"start":{"line":19,"column":16},"end":{"line":41,"column":null}},"10":{"start":{"line":20,"column":20},"end":{"line":20,"column":65}},"11":{"start":{"line":21,"column":20},"end":{"line":24,"column":18}},"12":{"start":{"line":25,"column":20},"end":{"line":25,"column":56}},"13":{"start":{"line":27,"column":16},"end":{"line":37,"column":19}},"14":{"start":{"line":28,"column":20},"end":{"line":35,"column":null}},"15":{"start":{"line":29,"column":24},"end":{"line":29,"column":54}},"16":{"start":{"line":30,"column":24},"end":{"line":30,"column":null}},"17":{"start":{"line":33,"column":24},"end":{"line":33,"column":62}},"18":{"start":{"line":34,"column":24},"end":{"line":34,"column":null}},"19":{"start":{"line":36,"column":20},"end":{"line":36,"column":27}},"20":{"start":{"line":40,"column":14},"end":{"line":40,"column":81}},"21":{"start":{"line":45,"column":18},"end":{"line":51,"column":null}},"22":{"start":{"line":47,"column":8},"end":{"line":49,"column":null}},"23":{"start":{"line":48,"column":12},"end":{"line":48,"column":44}},"24":{"start":{"line":50,"column":8},"end":{"line":50,"column":32}},"25":{"start":{"line":53,"column":24},"end":{"line":65,"column":null}},"26":{"start":{"line":56,"column":16},"end":{"line":56,"column":37}},"27":{"start":{"line":57,"column":12},"end":{"line":57,"column":48}},"28":{"start":{"line":58,"column":16},"end":{"line":58,"column":42}},"29":{"start":{"line":59,"column":12},"end":{"line":59,"column":30}},"30":{"start":{"line":60,"column":12},"end":{"line":60,"column":null}},"31":{"start":{"line":63,"column":12},"end":{"line":63,"column":23}},"32":{"start":{"line":67,"column":24},"end":{"line":85,"column":null}},"33":{"start":{"line":69,"column":20},"end":{"line":69,"column":41}},"34":{"start":{"line":70,"column":22},"end":{"line":70,"column":63}},"35":{"start":{"line":72,"column":22},"end":{"line":72,"column":59}},"36":{"start":{"line":73,"column":16},"end":{"line":73,"column":58}},"37":{"start":{"line":74,"column":20},"end":{"line":74,"column":46}},"38":{"start":{"line":75,"column":16},"end":{"line":75,"column":34}},"39":{"start":{"line":76,"column":16},"end":{"line":78,"column":19}},"40":{"start":{"line":77,"column":20},"end":{"line":77,"column":null}},"41":{"start":{"line":77,"column":31},"end":{"line":77,"column":51}},"42":{"start":{"line":79,"column":16},"end":{"line":79,"column":null}},"43":{"start":{"line":82,"column":13},"end":{"line":82,"column":null}},"44":{"start":{"line":83,"column":13},"end":{"line":83,"column":60}},"45":{"start":{"line":87,"column":24},"end":{"line":93,"column":null}},"46":{"start":{"line":88,"column":29},"end":{"line":88,"column":null}},"47":{"start":{"line":88,"column":12},"end":{"line":88,"column":null}},"48":{"start":{"line":89,"column":12},"end":{"line":89,"column":43}},"49":{"start":{"line":90,"column":8},"end":{"line":90,"column":null}},"50":{"start":{"line":92,"column":8},"end":{"line":92,"column":31}},"51":{"start":{"line":95,"column":24},"end":{"line":104,"column":null}},"52":{"start":{"line":97,"column":26},"end":{"line":97,"column":null}},"53":{"start":{"line":97,"column":16},"end":{"line":97,"column":null}},"54":{"start":{"line":99,"column":12},"end":{"line":99,"column":62}},"55":{"start":{"line":102,"column":12},"end":{"line":102,"column":59}},"56":{"start":{"line":106,"column":24},"end":{"line":116,"column":null}},"57":{"start":{"line":108,"column":31},"end":{"line":108,"column":null}},"58":{"start":{"line":108,"column":14},"end":{"line":108,"column":null}},"59":{"start":{"line":109,"column":10},"end":{"line":109,"column":34}},"60":{"start":{"line":111,"column":10},"end":{"line":111,"column":62}},"61":{"start":{"line":114,"column":10},"end":{"line":114,"column":57}},"62":{"start":{"line":119,"column":24},"end":{"line":129,"column":null}},"63":{"start":{"line":121,"column":33},"end":{"line":121,"column":null}},"64":{"start":{"line":121,"column":16},"end":{"line":121,"column":null}},"65":{"start":{"line":122,"column":12},"end":{"line":122,"column":36}},"66":{"start":{"line":124,"column":12},"end":{"line":124,"column":null}},"67":{"start":{"line":127,"column":12},"end":{"line":127,"column":null}},"68":{"start":{"line":131,"column":24},"end":{"line":141,"column":null}},"69":{"start":{"line":133,"column":33},"end":{"line":133,"column":null}},"70":{"start":{"line":133,"column":16},"end":{"line":133,"column":null}},"71":{"start":{"line":135,"column":12},"end":{"line":135,"column":64}},"72":{"start":{"line":139,"column":12},"end":{"line":139,"column":57}},"73":{"start":{"line":143,"column":24},"end":{"line":151,"column":null}},"74":{"start":{"line":145,"column":12},"end":{"line":145,"column":65}},"75":{"start":{"line":146,"column":12},"end":{"line":146,"column":58}},"76":{"start":{"line":149,"column":12},"end":{"line":149,"column":59}},"77":{"start":{"line":153,"column":24},"end":{"line":163,"column":null}},"78":{"start":{"line":155,"column":33},"end":{"line":156,"column":null}},"79":{"start":{"line":155,"column":16},"end":{"line":156,"column":null}},"80":{"start":{"line":158,"column":12},"end":{"line":158,"column":64}},"81":{"start":{"line":161,"column":12},"end":{"line":161,"column":59}},"82":{"start":{"line":165,"column":24},"end":{"line":175,"column":null}},"83":{"start":{"line":167,"column":33},"end":{"line":168,"column":null}},"84":{"start":{"line":167,"column":16},"end":{"line":168,"column":null}},"85":{"start":{"line":170,"column":12},"end":{"line":170,"column":64}},"86":{"start":{"line":173,"column":12},"end":{"line":173,"column":59}},"87":{"start":{"line":176,"column":0},"end":{"line":176,"column":null}},"88":{"start":{"line":13,"column":13},"end":{"line":13,"column":25}}},"fnMap":{"0":{"name":"(anonymous_13)","decl":{"start":{"line":13,"column":0},"end":{"line":13,"column":13}},"loc":{"start":{"line":13,"column":0},"end":{"line":176,"column":null}}},"1":{"name":"(anonymous_15)","decl":{"start":{"line":15,"column":4},"end":{"line":15,"column":24}},"loc":{"start":{"line":15,"column":46},"end":{"line":43,"column":null}}},"2":{"name":"(anonymous_18)","decl":{"start":{"line":27,"column":70},"end":{"line":27,"column":79}},"loc":{"start":{"line":27,"column":96},"end":{"line":37,"column":17}}},"3":{"name":"(anonymous_19)","decl":{"start":{"line":45,"column":4},"end":{"line":45,"column":18}},"loc":{"start":{"line":45,"column":37},"end":{"line":51,"column":5}}},"4":{"name":"(anonymous_20)","decl":{"start":{"line":53,"column":4},"end":{"line":53,"column":24}},"loc":{"start":{"line":53,"column":38},"end":{"line":65,"column":null}}},"5":{"name":"(anonymous_23)","decl":{"start":{"line":67,"column":4},"end":{"line":67,"column":24}},"loc":{"start":{"line":67,"column":38},"end":{"line":85,"column":null}}},"6":{"name":"(anonymous_26)","decl":{"start":{"line":76,"column":41},"end":{"line":76,"column":42}},"loc":{"start":{"line":76,"column":49},"end":{"line":78,"column":17}}},"7":{"name":"(anonymous_27)","decl":{"start":{"line":87,"column":4},"end":{"line":87,"column":24}},"loc":{"start":{"line":87,"column":49},"end":{"line":93,"column":null}}},"8":{"name":"(anonymous_30)","decl":{"start":{"line":95,"column":4},"end":{"line":95,"column":24}},"loc":{"start":{"line":95,"column":4},"end":{"line":104,"column":null}}},"9":{"name":"(anonymous_33)","decl":{"start":{"line":106,"column":4},"end":{"line":106,"column":24}},"loc":{"start":{"line":106,"column":43},"end":{"line":116,"column":null}}},"10":{"name":"(anonymous_36)","decl":{"start":{"line":119,"column":4},"end":{"line":119,"column":24}},"loc":{"start":{"line":119,"column":46},"end":{"line":129,"column":null}}},"11":{"name":"(anonymous_39)","decl":{"start":{"line":131,"column":4},"end":{"line":131,"column":24}},"loc":{"start":{"line":131,"column":40},"end":{"line":141,"column":null}}},"12":{"name":"(anonymous_42)","decl":{"start":{"line":143,"column":4},"end":{"line":143,"column":24}},"loc":{"start":{"line":143,"column":45},"end":{"line":151,"column":null}}},"13":{"name":"(anonymous_45)","decl":{"start":{"line":153,"column":4},"end":{"line":153,"column":24}},"loc":{"start":{"line":153,"column":41},"end":{"line":163,"column":null}}},"14":{"name":"(anonymous_48)","decl":{"start":{"line":165,"column":4},"end":{"line":165,"column":24}},"loc":{"start":{"line":165,"column":49},"end":{"line":175,"column":null}}}},"branchMap":{"0":{"loc":{"start":{"line":16,"column":8},"end":{"line":42,"column":null}},"type":"if","locations":[{"start":{"line":16,"column":8},"end":{"line":42,"column":null}},{"start":{"line":16,"column":8},"end":{"line":42,"column":null}}]},"1":{"loc":{"start":{"line":16,"column":12},"end":{"line":16,"column":30}},"type":"binary-expr","locations":[{"start":{"line":16,"column":12},"end":{"line":16,"column":30}},{"start":{"line":16,"column":34},"end":{"line":16,"column":52}}]},"2":{"loc":{"start":{"line":28,"column":20},"end":{"line":35,"column":null}},"type":"if","locations":[{"start":{"line":28,"column":20},"end":{"line":35,"column":null}},{"start":{"line":28,"column":20},"end":{"line":35,"column":null}}]},"3":{"loc":{"start":{"line":47,"column":8},"end":{"line":49,"column":null}},"type":"if","locations":[{"start":{"line":47,"column":8},"end":{"line":49,"column":null}},{"start":{"line":47,"column":8},"end":{"line":49,"column":null}}]},"4":{"loc":{"start":{"line":77,"column":20},"end":{"line":77,"column":null}},"type":"if","locations":[{"start":{"line":77,"column":20},"end":{"line":77,"column":null}},{"start":{"line":77,"column":20},"end":{"line":77,"column":null}}]},"5":{"loc":{"start":{"line":88,"column":29},"end":{"line":88,"column":null}},"type":"switch","locations":[{"start":{"line":88,"column":29},"end":{"line":88,"column":null}}]}},"s":{"0":1,"1":1,"2":1,"3":1,"4":1,"5":1,"6":1,"7":0,"8":0,"9":0,"10":0,"11":0,"12":0,"13":0,"14":0,"15":0,"16":0,"17":0,"18":0,"19":0,"20":0,"21":1,"22":4,"23":0,"24":0,"25":1,"26":4,"27":4,"28":0,"29":0,"30":0,"31":4,"32":1,"33":1,"34":1,"35":0,"36":0,"37":0,"38":0,"39":0,"40":0,"41":0,"42":0,"43":1,"44":1,"45":1,"46":0,"47":0,"48":0,"49":0,"50":0,"51":1,"52":0,"53":0,"54":0,"55":0,"56":1,"57":0,"58":0,"59":0,"60":0,"61":0,"62":1,"63":1,"64":0,"65":0,"66":0,"67":1,"68":1,"69":1,"70":0,"71":0,"72":1,"73":1,"74":1,"75":0,"76":1,"77":1,"78":1,"79":0,"80":0,"81":1,"82":1,"83":1,"84":0,"85":0,"86":1,"87":1,"88":1},"f":{"0":1,"1":0,"2":0,"3":4,"4":4,"5":1,"6":0,"7":0,"8":0,"9":0,"10":1,"11":1,"12":1,"13":1,"14":1},"b":{"0":[0,0],"1":[0,0],"2":[0,0],"3":[0,0],"4":[0,0],"5":[0]}}
}
