TN:
SF:dist\Helper\config.js
FNF:0
FNH:0
DA:2,1
DA:3,1
DA:15,1
DA:29,1
LF:4
LH:4
BRF:0
BRH:0
end_of_record
TN:
SF:dist\Helper\db-testcase-handler.js
FN:2,(anonymous_0)
FN:3,adopt
FN:3,(anonymous_2)
FN:4,(anonymous_3)
FN:5,fulfilled
FN:6,rejected
FN:7,step
FN:11,(anonymous_7)
FN:12,(anonymous_8)
FN:13,(anonymous_9)
FN:14,verb
FN:14,(anonymous_11)
FN:15,step
FN:44,(anonymous_13)
FN:44,(anonymous_14)
FN:46,(anonymous_15)
FN:67,(anonymous_16)
FN:67,(anonymous_17)
FN:68,(anonymous_18)
FN:86,(anonymous_19)
FN:86,(anonymous_20)
FN:88,(anonymous_21)
FNF:22
FNH:19
FNDA:9,(anonymous_0)
FNDA:12,adopt
FNDA:0,(anonymous_2)
FNDA:9,(anonymous_3)
FNDA:12,fulfilled
FNDA:0,rejected
FNDA:21,step
FNDA:9,(anonymous_7)
FNDA:12,(anonymous_8)
FNDA:0,(anonymous_9)
FNDA:27,verb
FNDA:21,(anonymous_11)
FNDA:21,step
FNDA:1,(anonymous_13)
FNDA:1,(anonymous_14)
FNDA:3,(anonymous_15)
FNDA:1,(anonymous_16)
FNDA:1,(anonymous_17)
FNDA:4,(anonymous_18)
FNDA:7,(anonymous_19)
FNDA:7,(anonymous_20)
FNDA:28,(anonymous_21)
DA:2,1
DA:3,12
DA:4,9
DA:5,12
DA:6,0
DA:7,21
DA:8,9
DA:11,1
DA:12,12
DA:13,9
DA:14,27
DA:16,21
DA:17,56
DA:18,56
DA:19,56
DA:20,56
DA:21,21
DA:22,12
DA:23,0
DA:24,0
DA:26,23
DA:27,14
DA:28,0
DA:29,0
DA:30,0
DA:31,0
DA:33,35
DA:34,56
DA:35,9
DA:38,1
DA:39,1
DA:40,1
DA:44,1
DA:46,1
DA:47,3
DA:48,1
DA:50,1
DA:51,1
DA:57,1
DA:59,1
DA:60,1
DA:67,1
DA:68,1
DA:69,4
DA:70,1
DA:72,1
DA:73,1
DA:75,1
DA:76,1
DA:78,1
DA:79,1
DA:86,7
DA:88,7
DA:89,28
DA:91,7
DA:92,7
DA:93,7
DA:94,7
DA:95,7
DA:96,7
DA:98,14
DA:99,7
DA:100,7
DA:101,7
DA:103,7
DA:104,7
DA:106,7
DA:107,7
DA:108,7
LF:69
LH:62
BRDA:2,0,0,1
BRDA:2,0,1,1
BRDA:2,0,2,1
BRDA:3,1,0,12
BRDA:3,1,1,0
BRDA:4,2,0,9
BRDA:4,2,1,9
BRDA:7,3,0,9
BRDA:7,3,1,12
BRDA:8,4,0,9
BRDA:8,4,1,9
BRDA:11,5,0,1
BRDA:11,5,1,1
BRDA:11,5,2,1
BRDA:12,6,0,0
BRDA:12,6,1,12
BRDA:13,7,0,9
BRDA:13,7,1,9
BRDA:16,8,0,0
BRDA:16,8,1,21
BRDA:18,9,0,0
BRDA:18,9,1,56
BRDA:18,10,0,56
BRDA:18,10,1,0
BRDA:18,10,2,0
BRDA:18,11,0,0
BRDA:18,11,1,0
BRDA:18,12,0,0
BRDA:18,12,1,0
BRDA:18,13,0,0
BRDA:18,13,1,0
BRDA:18,14,0,0
BRDA:18,14,1,0
BRDA:19,15,0,0
BRDA:19,15,1,56
BRDA:20,16,0,21
BRDA:20,16,1,21
BRDA:20,16,2,12
BRDA:20,16,3,0
BRDA:20,16,4,0
BRDA:20,16,5,23
BRDA:26,17,0,9
BRDA:26,17,1,14
BRDA:26,18,0,23
BRDA:26,18,1,23
BRDA:26,18,2,23
BRDA:26,19,0,23
BRDA:26,19,1,0
BRDA:27,20,0,14
BRDA:27,20,1,0
BRDA:27,21,0,14
BRDA:27,21,1,14
BRDA:27,21,2,0
BRDA:27,21,3,0
BRDA:28,22,0,0
BRDA:28,22,1,0
BRDA:28,23,0,0
BRDA:28,23,1,0
BRDA:29,24,0,0
BRDA:29,24,1,0
BRDA:29,25,0,0
BRDA:29,25,1,0
BRDA:30,26,0,0
BRDA:30,26,1,0
BRDA:35,27,0,0
BRDA:35,27,1,9
BRDA:35,28,0,9
BRDA:35,28,1,0
BRDA:47,29,0,1
BRDA:47,29,1,1
BRDA:47,29,2,1
BRDA:69,30,0,1
BRDA:69,30,1,1
BRDA:69,30,2,1
BRDA:69,30,3,1
BRDA:89,31,0,7
BRDA:89,31,1,14
BRDA:89,31,2,7
BRDA:89,31,3,7
BRDA:89,31,4,7
BRDA:98,32,0,7
BRDA:98,32,1,7
BRF:82
BRH:49
end_of_record
TN:
SF:dist\dataModel\responseModel.js
FN:4,(anonymous_0)
FN:5,ResponseService
FN:10,(anonymous_2)
FN:13,(anonymous_3)
FNF:4
FNH:4
FNDA:1,(anonymous_0)
FNDA:6,ResponseService
FNDA:1,(anonymous_2)
FNDA:5,(anonymous_3)
DA:2,1
DA:3,1
DA:4,1
DA:6,6
DA:7,6
DA:8,6
DA:10,1
DA:11,1
DA:13,1
DA:14,5
DA:16,1
DA:18,1
LF:12
LH:12
BRF:0
BRH:0
end_of_record
TN:
SF:dist\dbModels\usermodel.js
FN:2,(anonymous_0)
FN:4,(anonymous_1)
FN:5,(anonymous_2)
FN:9,(anonymous_3)
FN:11,(anonymous_4)
FN:14,(anonymous_5)
FNF:6
FNH:4
FNDA:8,(anonymous_0)
FNDA:3,(anonymous_1)
FNDA:0,(anonymous_2)
FNDA:1,(anonymous_3)
FNDA:0,(anonymous_4)
FNDA:1,(anonymous_5)
DA:2,1
DA:3,8
DA:4,8
DA:6,0
DA:7,0
DA:9,1
DA:10,1
DA:12,0
DA:14,1
DA:15,1
DA:16,1
DA:17,49
DA:18,1
DA:19,1
DA:21,1
DA:22,1
DA:23,1
DA:25,1
DA:26,1
DA:47,1
LF:20
LH:17
BRDA:2,0,0,1
BRDA:2,0,1,1
BRDA:2,0,2,1
BRDA:2,1,0,1
BRDA:2,1,1,0
BRDA:3,2,0,8
BRDA:3,2,1,0
BRDA:6,3,0,0
BRDA:6,3,1,0
BRDA:9,4,0,1
BRDA:9,4,1,1
BRDA:9,4,2,1
BRDA:9,5,0,1
BRDA:9,5,1,0
BRDA:14,6,0,1
BRDA:14,6,1,1
BRDA:14,6,2,1
BRDA:15,7,0,0
BRDA:15,7,1,1
BRDA:15,8,0,1
BRDA:15,8,1,1
BRDA:17,9,0,1
BRDA:17,9,1,0
BRDA:17,10,0,8
BRDA:17,10,1,41
BRDA:17,11,0,49
BRDA:17,11,1,49
BRF:27
BRH:20
end_of_record
TN:
SF:dist\services\userServices.js
FN:2,(anonymous_0)
FN:3,adopt
FN:3,(anonymous_2)
FN:4,(anonymous_3)
FN:5,fulfilled
FN:6,rejected
FN:7,step
FN:11,(anonymous_7)
FN:12,(anonymous_8)
FN:13,(anonymous_9)
FN:14,verb
FN:14,(anonymous_11)
FN:15,step
FN:45,(anonymous_13)
FN:46,userServices
FN:48,(anonymous_15)
FN:49,(anonymous_16)
FN:51,(anonymous_17)
FN:63,(anonymous_18)
FN:83,(anonymous_19)
FN:89,(anonymous_20)
FN:90,(anonymous_21)
FN:92,(anonymous_22)
FN:111,(anonymous_23)
FN:112,(anonymous_24)
FN:114,(anonymous_25)
FN:126,(anonymous_26)
FN:141,(anonymous_27)
FN:142,(anonymous_28)
FN:144,(anonymous_29)
FN:158,(anonymous_30)
FN:159,(anonymous_31)
FN:161,(anonymous_32)
FN:178,(anonymous_33)
FN:179,(anonymous_34)
FN:181,(anonymous_35)
FN:201,(anonymous_36)
FN:202,(anonymous_37)
FN:204,(anonymous_38)
FN:224,(anonymous_39)
FN:225,(anonymous_40)
FN:227,(anonymous_41)
FN:244,(anonymous_42)
FN:245,(anonymous_43)
FN:247,(anonymous_44)
FN:263,(anonymous_45)
FN:264,(anonymous_46)
FN:266,(anonymous_47)
FN:284,(anonymous_48)
FN:285,(anonymous_49)
FN:287,(anonymous_50)
FNF:51
FNH:31
FNDA:10,(anonymous_0)
FNDA:0,adopt
FNDA:0,(anonymous_2)
FNDA:10,(anonymous_3)
FNDA:0,fulfilled
FNDA:0,rejected
FNDA:10,step
FNDA:10,(anonymous_7)
FNDA:10,(anonymous_8)
FNDA:0,(anonymous_9)
FNDA:30,verb
FNDA:10,(anonymous_11)
FNDA:10,step
FNDA:1,(anonymous_13)
FNDA:0,userServices
FNDA:0,(anonymous_15)
FNDA:0,(anonymous_16)
FNDA:0,(anonymous_17)
FNDA:0,(anonymous_18)
FNDA:4,(anonymous_19)
FNDA:4,(anonymous_20)
FNDA:4,(anonymous_21)
FNDA:8,(anonymous_22)
FNDA:1,(anonymous_23)
FNDA:1,(anonymous_24)
FNDA:2,(anonymous_25)
FNDA:0,(anonymous_26)
FNDA:0,(anonymous_27)
FNDA:0,(anonymous_28)
FNDA:0,(anonymous_29)
FNDA:0,(anonymous_30)
FNDA:0,(anonymous_31)
FNDA:0,(anonymous_32)
FNDA:0,(anonymous_33)
FNDA:0,(anonymous_34)
FNDA:0,(anonymous_35)
FNDA:1,(anonymous_36)
FNDA:1,(anonymous_37)
FNDA:2,(anonymous_38)
FNDA:1,(anonymous_39)
FNDA:1,(anonymous_40)
FNDA:2,(anonymous_41)
FNDA:1,(anonymous_42)
FNDA:1,(anonymous_43)
FNDA:2,(anonymous_44)
FNDA:1,(anonymous_45)
FNDA:1,(anonymous_46)
FNDA:2,(anonymous_47)
FNDA:1,(anonymous_48)
FNDA:1,(anonymous_49)
FNDA:2,(anonymous_50)
DA:2,1
DA:3,0
DA:4,10
DA:5,0
DA:6,0
DA:7,10
DA:8,10
DA:11,1
DA:12,10
DA:13,10
DA:14,30
DA:16,10
DA:17,40
DA:18,40
DA:19,40
DA:20,40
DA:21,10
DA:22,0
DA:23,0
DA:24,0
DA:26,30
DA:27,20
DA:28,20
DA:29,10
DA:30,10
DA:31,10
DA:33,20
DA:34,40
DA:35,10
DA:38,1
DA:39,1
DA:40,1
DA:41,1
DA:42,1
DA:43,1
DA:44,1
DA:45,1
DA:48,1
DA:49,0
DA:51,0
DA:52,0
DA:53,0
DA:56,0
DA:57,0
DA:58,0
DA:62,0
DA:63,0
DA:64,0
DA:65,0
DA:66,0
DA:69,0
DA:70,0
DA:72,0
DA:76,0
DA:79,0
DA:83,1
DA:84,4
DA:85,0
DA:87,0
DA:89,1
DA:90,4
DA:92,4
DA:93,8
DA:95,4
DA:96,4
DA:97,4
DA:98,0
DA:99,0
DA:101,0
DA:102,0
DA:104,4
DA:105,4
DA:106,0
DA:111,1
DA:112,1
DA:114,1
DA:115,2
DA:117,1
DA:118,1
DA:119,1
DA:120,0
DA:121,0
DA:122,0
DA:123,0
DA:125,0
DA:126,0
DA:127,0
DA:128,0
DA:131,0
DA:133,1
DA:134,1
DA:135,1
DA:136,0
DA:141,1
DA:142,0
DA:144,0
DA:145,0
DA:146,0
DA:148,0
DA:149,0
DA:150,0
DA:152,0
DA:153,0
DA:158,1
DA:159,0
DA:161,0
DA:162,0
DA:164,0
DA:165,0
DA:167,0
DA:169,0
DA:171,0
DA:172,0
DA:173,0
DA:178,1
DA:179,0
DA:181,0
DA:182,0
DA:184,0
DA:185,0
DA:187,0
DA:188,0
DA:190,0
DA:192,0
DA:194,0
DA:195,0
DA:196,0
DA:201,1
DA:202,1
DA:204,1
DA:205,2
DA:207,1
DA:208,1
DA:210,0
DA:211,0
DA:213,0
DA:215,0
DA:217,1
DA:218,1
DA:219,0
DA:224,1
DA:225,1
DA:227,1
DA:228,2
DA:230,1
DA:231,1
DA:233,0
DA:235,0
DA:237,1
DA:238,1
DA:239,0
DA:244,1
DA:245,1
DA:247,1
DA:248,2
DA:250,1
DA:251,1
DA:253,0
DA:254,0
DA:256,1
DA:257,1
DA:258,0
DA:263,1
DA:264,1
DA:266,1
DA:267,2
DA:269,1
DA:270,1
DA:273,0
DA:275,0
DA:277,1
DA:278,1
DA:279,0
DA:284,1
DA:285,1
DA:287,1
DA:288,2
DA:290,1
DA:291,1
DA:294,0
DA:296,0
DA:298,1
DA:299,1
DA:300,0
DA:305,1
DA:307,1
LF:186
LH:98
BRDA:2,0,0,1
BRDA:2,0,1,1
BRDA:2,0,2,1
BRDA:3,1,0,0
BRDA:3,1,1,0
BRDA:4,2,0,10
BRDA:4,2,1,10
BRDA:7,3,0,10
BRDA:7,3,1,0
BRDA:8,4,0,10
BRDA:8,4,1,10
BRDA:11,5,0,1
BRDA:11,5,1,1
BRDA:11,5,2,1
BRDA:12,6,0,0
BRDA:12,6,1,10
BRDA:13,7,0,10
BRDA:13,7,1,10
BRDA:16,8,0,0
BRDA:16,8,1,10
BRDA:18,9,0,0
BRDA:18,9,1,40
BRDA:18,10,0,40
BRDA:18,10,1,0
BRDA:18,10,2,0
BRDA:18,11,0,0
BRDA:18,11,1,0
BRDA:18,12,0,0
BRDA:18,12,1,0
BRDA:18,13,0,0
BRDA:18,13,1,0
BRDA:18,14,0,0
BRDA:18,14,1,0
BRDA:19,15,0,0
BRDA:19,15,1,40
BRDA:20,16,0,10
BRDA:20,16,1,10
BRDA:20,16,2,0
BRDA:20,16,3,0
BRDA:20,16,4,0
BRDA:20,16,5,30
BRDA:26,17,0,10
BRDA:26,17,1,20
BRDA:26,18,0,30
BRDA:26,18,1,10
BRDA:26,18,2,10
BRDA:26,19,0,30
BRDA:26,19,1,20
BRDA:27,20,0,0
BRDA:27,20,1,20
BRDA:27,21,0,20
BRDA:27,21,1,0
BRDA:27,21,2,0
BRDA:27,21,3,0
BRDA:28,22,0,10
BRDA:28,22,1,10
BRDA:28,23,0,20
BRDA:28,23,1,10
BRDA:29,24,0,0
BRDA:29,24,1,10
BRDA:29,25,0,10
BRDA:29,25,1,10
BRDA:30,26,0,0
BRDA:30,26,1,10
BRDA:35,27,0,0
BRDA:35,27,1,10
BRDA:35,28,0,10
BRDA:35,28,1,0
BRDA:52,29,0,0
BRDA:52,29,1,0
BRDA:52,30,0,0
BRDA:52,30,1,0
BRDA:64,31,0,0
BRDA:64,31,1,0
BRDA:84,32,0,0
BRDA:84,32,1,0
BRDA:93,33,0,4
BRDA:93,33,1,0
BRDA:93,33,2,4
BRDA:93,33,3,0
BRDA:115,34,0,1
BRDA:115,34,1,0
BRDA:115,34,2,1
BRDA:115,34,3,0
BRDA:127,35,0,0
BRDA:127,35,1,0
BRDA:145,36,0,0
BRDA:145,36,1,0
BRDA:162,37,0,0
BRDA:162,37,1,0
BRDA:162,37,2,0
BRDA:162,37,3,0
BRDA:182,38,0,0
BRDA:182,38,1,0
BRDA:182,38,2,0
BRDA:182,38,3,0
BRDA:182,38,4,0
BRDA:205,39,0,1
BRDA:205,39,1,0
BRDA:205,39,2,0
BRDA:205,39,3,1
BRDA:205,39,4,0
BRDA:228,40,0,1
BRDA:228,40,1,0
BRDA:228,40,2,1
BRDA:228,40,3,0
BRDA:248,41,0,1
BRDA:248,41,1,0
BRDA:248,41,2,1
BRDA:248,41,3,0
BRDA:267,42,0,1
BRDA:267,42,1,0
BRDA:267,42,2,1
BRDA:267,42,3,0
BRDA:288,43,0,1
BRDA:288,43,1,0
BRDA:288,43,2,1
BRDA:288,43,3,0
BRF:118
BRH:54
end_of_record
TN:
SF:src\Helper\config.ts
FNF:0
FNH:0
DA:1,1
DA:3,1
DA:17,1
DA:32,1
LF:4
LH:4
BRF:0
BRH:0
end_of_record
TN:
SF:src\Helper\db-testcase-handler.ts
FN:9,(anonymous_13)
FN:25,(anonymous_16)
FN:34,(anonymous_19)
FNF:3
FNH:3
FNDA:2,(anonymous_13)
FNDA:2,(anonymous_16)
FNDA:14,(anonymous_19)
DA:1,1
DA:2,1
DA:4,1
DA:9,1
DA:10,1
DA:12,1
DA:19,2
DA:25,1
DA:26,2
DA:27,2
DA:28,2
DA:34,7
DA:35,7
DA:38,7
DA:39,14
LF:15
LH:15
BRDA:10,0,0,1
BRDA:26,1,0,1
BRF:2
BRH:2
end_of_record
TN:
SF:src\dataModel\responseModel.ts
FN:1,(anonymous_0)
FN:7,ResponseService
FN:12,(anonymous_2)
FN:15,(anonymous_3)
FNF:4
FNH:4
FNDA:1,(anonymous_0)
FNDA:6,ResponseService
FNDA:1,(anonymous_2)
FNDA:5,(anonymous_3)
DA:1,1
DA:8,6
DA:9,6
DA:10,6
DA:12,1
DA:13,1
DA:15,1
DA:16,5
DA:18,1
LF:9
LH:9
BRF:0
BRH:0
end_of_record
TN:
SF:src\dbModels\usermodel.ts
FNF:0
FNH:0
DA:1,1
DA:3,1
DA:7,1
DA:30,1
LF:4
LH:4
BRF:0
BRH:0
end_of_record
TN:
SF:src\services\userServices.ts
FN:13,(anonymous_13)
FN:15,(anonymous_15)
FN:27,(anonymous_18)
FN:45,(anonymous_19)
FN:53,(anonymous_20)
FN:67,(anonymous_23)
FN:76,(anonymous_26)
FN:87,(anonymous_27)
FN:95,(anonymous_30)
FN:106,(anonymous_33)
FN:119,(anonymous_36)
FN:131,(anonymous_39)
FN:143,(anonymous_42)
FN:153,(anonymous_45)
FN:165,(anonymous_48)
FNF:15
FNH:9
FNDA:1,(anonymous_13)
FNDA:0,(anonymous_15)
FNDA:0,(anonymous_18)
FNDA:4,(anonymous_19)
FNDA:4,(anonymous_20)
FNDA:1,(anonymous_23)
FNDA:0,(anonymous_26)
FNDA:0,(anonymous_27)
FNDA:0,(anonymous_30)
FNDA:0,(anonymous_33)
FNDA:1,(anonymous_36)
FNDA:1,(anonymous_39)
FNDA:1,(anonymous_42)
FNDA:1,(anonymous_45)
FNDA:1,(anonymous_48)
DA:3,1
DA:4,1
DA:9,1
DA:10,1
DA:11,1
DA:13,1
DA:15,1
DA:16,0
DA:17,0
DA:19,0
DA:20,0
DA:21,0
DA:25,0
DA:27,0
DA:28,0
DA:29,0
DA:30,0
DA:33,0
DA:34,0
DA:36,0
DA:40,0
DA:45,1
DA:47,4
DA:48,0
DA:50,0
DA:53,1
DA:56,4
DA:57,4
DA:58,0
DA:59,0
DA:60,0
DA:63,4
DA:67,1
DA:69,1
DA:70,1
DA:72,0
DA:73,0
DA:74,0
DA:75,0
DA:76,0
DA:77,0
DA:79,0
DA:82,1
DA:83,1
DA:87,1
DA:88,0
DA:89,0
DA:90,0
DA:92,0
DA:95,1
DA:97,0
DA:99,0
DA:102,0
DA:106,1
DA:108,0
DA:109,0
DA:111,0
DA:114,0
DA:119,1
DA:121,1
DA:122,0
DA:124,0
DA:127,1
DA:131,1
DA:133,1
DA:135,0
DA:139,1
DA:143,1
DA:145,1
DA:146,0
DA:149,1
DA:153,1
DA:155,1
DA:158,0
DA:161,1
DA:165,1
DA:167,1
DA:170,0
DA:173,1
DA:176,1
LF:80
LH:37
BRDA:16,0,0,0
BRDA:16,0,1,0
BRDA:16,1,0,0
BRDA:16,1,1,0
BRDA:28,2,0,0
BRDA:28,2,1,0
BRDA:47,3,0,0
BRDA:47,3,1,0
BRDA:77,4,0,0
BRDA:77,4,1,0
BRDA:88,5,0,0
BRF:11
BRH:0
end_of_record
